<?xml version="1.0" encoding="UTF-8" ?>
<testsuite errors="0" failures="0" hostname="DESKTOP-9NE8VMQ" name="sample.UtilsTest" skipped="1" tests="4" time="0.538" timestamp="2020-03-04T13:16:38">
  <properties>
    <property name="netbeans.autoupdate.country" value="ES" />
    <property name="nb.wait.for.caches" value="true" />
    <property name="javac.test.classpath" value=":build/classes:C:\Program Files\NetBeans 8.2\platform\modules\ext\junit-4.12.jar:C:\Program Files\NetBeans 8.2\platform\modules\ext\hamcrest-core-1.3.jar" />
    <property name="ant.core.lib" value="C:\Program Files\NetBeans 8.2\extide\ant\lib\ant.jar" />
    <property name="javadoc.windowtitle" value="" />
    <property name="user.dir" value="F:\2DAM\DI\tema8\JUnit-Sample" />
    <property name="java.vm.version" value="25.111-b14" />
    <property name="libs.MySQLDriver.classpath" value="C:\Program Files\NetBeans 8.2\ide\modules\ext\mysql-connector-java-5.1.23-bin.jar" />
    <property name="libs.eclipselinkmodelgen.src" value="" />
    <property name="javadoc.notree" value="false" />
    <property name="netbeans.autoupdate.version" value="1.23" />
    <property name="javac.profile.cmd.line.arg" value="" />
    <property name="jdk.home" value="C:\Program Files\Java\jdk1.8.0_111" />
    <property name="libs.javac-api.src" value="" />
    <property name="javadoc.noindex" value="false" />
    <property name="libs.jpa2-persistence.classpath" value="C:\Program Files\NetBeans 8.2\java\modules\ext\hibernate4\hibernate-jpa-2.1-api-1.0.0.Final.jar" />
    <property name="sun.os.patch.level" value="" />
    <property name="java.vm.specification.name" value="Java Virtual Machine Specification" />
    <property name="nb.show.statistics.ui" value="usageStatisticsEnabled" />
    <property name="netbeans.autoupdate.variant" value="" />
    <property name="have.tests" value="true" />
    <property name="org.xml.sax.driver" value="com.sun.org.apache.xerces.internal.jaxp.SAXParserImpl$JAXPSAXParser" />
    <property name="libs.hamcrest.classpath" value="C:\Program Files\NetBeans 8.2\platform\modules\ext\hamcrest-core-1.3.jar" />
    <property name="libs.javac-api.javadoc" value="" />
    <property name="os.name" value="Windows 10" />
    <property name="libs.beans-binding.classpath" value="C:\Program Files\NetBeans 8.2\java\modules\ext\beansbinding-1.2.1.jar" />
    <property name="ap.proc.none.internal" value="" />
    <property name="libs.JWSAntTasks.maven-pom" value="" />
    <property name="libs.testng.src" value="" />
    <property name="java.vendor.url.bug" value="http://bugreport.sun.com/bugreport/" />
    <property name="libs.jaxb.maven-pom" value="" />
    <property name="os.arch" value="amd64" />
    <property name="libs.eclipselink.src" value="" />
    <property name="user.name" value="juyut" />
    <property name="copylibs.rebase" value="true" />
    <property name="libs.swing-layout.maven-pom" value="" />
    <property name="sun.java.command" value="org.apache.tools.ant.taskdefs.optional.junit.JUnitTestRunner sample.UtilsTest skipNonTests=false filtertrace=true haltOnError=false haltOnFailure=false showoutput=true outputtoformatters=true logfailedtests=true threadid=0 logtestlistenerevents=true formatter=org.apache.tools.ant.taskdefs.optional.junit.BriefJUnitResultFormatter formatter=org.apache.tools.ant.taskdefs.optional.junit.XMLJUnitResultFormatter,F:\2DAM\DI\tema8\JUnit-Sample\build\test\results\TEST-sample.UtilsTest.xml crashfile=F:\2DAM\DI\tema8\JUnit-Sample\build\junitvmwatcher6943733156351280309.properties propsfile=F:\2DAM\DI\tema8\JUnit-Sample\build\junit8440673706817646081.properties" />
    <property name="build.classes.dir" value="build/classes" />
    <property name="netbeans.accept_license_class" value="org.netbeans.license.AcceptLicense" />
    <property name="build.sysclasspath" value="ignore" />
    <property name="manifest.encoding" value="UTF-8" />
    <property name="ap.supported.internal" value="true" />
    <property name="java.failonerror" value="true" />
    <property name="libs.jaxws21.javadoc" value="C:\Program Files\NetBeans 8.2\java\docs\jaxws-api-doc.zip" />
    <property name="includes" value="**" />
    <property name="user.country" value="ES" />
    <property name="javadoc.encoding" value="UTF-8" />
    <property name="javac.classpath" value="" />
    <property name="libs.spring-framework400.classpath" value="C:\Program Files\NetBeans 8.2\ide\modules\org-apache-commons-logging.jar;C:\Program Files\NetBeans 8.2\java\modules\ext\cglib-2.2.jar;C:\Program Files\NetBeans 8.2\java\modules\ext\spring-4\spring-aop-4.0.1.RELEASE.jar;C:\Program Files\NetBeans 8.2\java\modules\ext\spring-4\spring-aspects-4.0.1.RELEASE.jar;C:\Program Files\NetBeans 8.2\java\modules\ext\spring-4\spring-beans-4.0.1.RELEASE.jar;C:\Program Files\NetBeans 8.2\java\modules\ext\spring-4\spring-build-src-4.0.1.RELEASE.jar;C:\Program Files\NetBeans 8.2\java\modules\ext\spring-4\spring-context-4.0.1.RELEASE.jar;C:\Program Files\NetBeans 8.2\java\modules\ext\spring-4\spring-context-support-4.0.1.RELEASE.jar;C:\Program Files\NetBeans 8.2\java\modules\ext\spring-4\spring-core-4.0.1.RELEASE.jar;C:\Program Files\NetBeans 8.2\java\modules\ext\spring-4\spring-expression-4.0.1.RELEASE.jar;C:\Program Files\NetBeans 8.2\java\modules\ext\spring-4\spring-framework-bom-4.0.1.RELEASE.jar;C:\Program Files\NetBeans 8.2\java\modules\ext\spring-4\spring-instrument-4.0.1.RELEASE.jar;C:\Program Files\NetBeans 8.2\java\modules\ext\spring-4\spring-instrument-tomcat-4.0.1.RELEASE.jar;C:\Program Files\NetBeans 8.2\java\modules\ext\spring-4\spring-jdbc-4.0.1.RELEASE.jar;C:\Program Files\NetBeans 8.2\java\modules\ext\spring-4\spring-jms-4.0.1.RELEASE.jar;C:\Program Files\NetBeans 8.2\java\modules\ext\spring-4\spring-messaging-4.0.1.RELEASE.jar;C:\Program Files\NetBeans 8.2\java\modules\ext\spring-4\spring-orm-4.0.1.RELEASE.jar;C:\Program Files\NetBeans 8.2\java\modules\ext\spring-4\spring-oxm-4.0.1.RELEASE.jar;C:\Program Files\NetBeans 8.2\java\modules\ext\spring-4\spring-test-4.0.1.RELEASE.jar;C:\Program Files\NetBeans 8.2\java\modules\ext\spring-4\spring-tx-4.0.1.RELEASE.jar;C:\Program Files\NetBeans 8.2\java\modules\ext\spring-4\spring-web-4.0.1.RELEASE.jar;C:\Program Files\NetBeans 8.2\java\modules\ext\spring-4\spring-webmvc-4.0.1.RELEASE.jar;C:\Program Files\NetBeans 8.2\java\modules\ext\spring-4\spring-webmvc-portlet-4.0.1.RELEASE.jar;C:\Program Files\NetBeans 8.2\java\modules\ext\spring-4\spring-websocket-4.0.1.RELEASE.jar" />
    <property name="debug-transport" value="dt_shmem" />
    <property name="netbeans.home" value="C:\Program Files\NetBeans 8.2\platform" />
    <property name="build.compiler.emacs" value="true" />
    <property name="java.endorsed.dirs" value="C:\Program Files\Java\jdk1.8.0_111\jre\lib\endorsed" />
    <property name="netbeans.dynamic.classpath" value="C:\Program Files\NetBeans 8.2\platform\core\asm-all-5.0.1.jar;C:\Program Files\NetBeans 8.2\platform\core\core-base.jar;C:\Program Files\NetBeans 8.2\platform\core\core.jar;C:\Program Files\NetBeans 8.2\platform\core\org-netbeans-libs-asm.jar;C:\Program Files\NetBeans 8.2\platform\core\org-openide-filesystems-compat8.jar;C:\Program Files\NetBeans 8.2\platform\core\org-openide-filesystems.jar;C:\Program Files\NetBeans 8.2\platform\core\locale\core-base_ja.jar;C:\Program Files\NetBeans 8.2\platform\core\locale\core-base_pt_BR.jar;C:\Program Files\NetBeans 8.2\platform\core\locale\core-base_ru.jar;C:\Program Files\NetBeans 8.2\platform\core\locale\core-base_zh_CN.jar;C:\Program Files\NetBeans 8.2\platform\core\locale\core_ja.jar;C:\Program Files\NetBeans 8.2\platform\core\locale\core_pt_BR.jar;C:\Program Files\NetBeans 8.2\platform\core\locale\core_ru.jar;C:\Program Files\NetBeans 8.2\platform\core\locale\core_zh_CN.jar;C:\Program Files\NetBeans 8.2\platform\core\locale\org-netbeans-libs-asm_ja.jar;C:\Program Files\NetBeans 8.2\platform\core\locale\org-netbeans-libs-asm_pt_BR.jar;C:\Program Files\NetBeans 8.2\platform\core\locale\org-netbeans-libs-asm_ru.jar;C:\Program Files\NetBeans 8.2\platform\core\locale\org-netbeans-libs-asm_zh_CN.jar;C:\Program Files\NetBeans 8.2\platform\core\locale\org-openide-filesystems-compat8_ja.jar;C:\Program Files\NetBeans 8.2\platform\core\locale\org-openide-filesystems-compat8_pt_BR.jar;C:\Program Files\NetBeans 8.2\platform\core\locale\org-openide-filesystems-compat8_ru.jar;C:\Program Files\NetBeans 8.2\platform\core\locale\org-openide-filesystems-compat8_zh_CN.jar;C:\Program Files\NetBeans 8.2\platform\core\locale\org-openide-filesystems_ja.jar;C:\Program Files\NetBeans 8.2\platform\core\locale\org-openide-filesystems_pt_BR.jar;C:\Program Files\NetBeans 8.2\platform\core\locale\org-openide-filesystems_ru.jar;C:\Program Files\NetBeans 8.2\platform\core\locale\org-openide-filesystems_zh_CN.jar;C:\Program Files\NetBeans 8.2\nb\core\org-netbeans-upgrader.jar;C:\Program Files\NetBeans 8.2\nb\core\locale\core_nb.jar;C:\Program Files\NetBeans 8.2\nb\core\locale\core_nb_ja.jar;C:\Program Files\NetBeans 8.2\nb\core\locale\core_nb_pt_BR.jar;C:\Program Files\NetBeans 8.2\nb\core\locale\core_nb_ru.jar;C:\Program Files\NetBeans 8.2\nb\core\locale\core_nb_zh_CN.jar;C:\Program Files\NetBeans 8.2\nb\core\locale\org-netbeans-upgrader_ja.jar;C:\Program Files\NetBeans 8.2\nb\core\locale\org-netbeans-upgrader_pt_BR.jar;C:\Program Files\NetBeans 8.2\nb\core\locale\org-netbeans-upgrader_ru.jar;C:\Program Files\NetBeans 8.2\nb\core\locale\org-netbeans-upgrader_zh_CN.jar" />
    <property name="java.vm.specification.version" value="1.8" />
    <property name="libs.hibernate4-support.src" value="" />
    <property name="netbeans.productversion" value="NetBeans IDE 8.2 (Build 201609300101)" />
    <property name="libs.jaxws21.src" value="" />
    <property name="do.archive" value="true" />
    <property name="netbeans.autoupdate.language" value="es" />
    <property name="java.vendor" value="Oracle Corporation" />
    <property name="jar.index.metainf" value="false" />
    <property name="javac.debug" value="true" />
    <property name="javadoc.splitindex" value="true" />
    <property name="file.separator" value="\" />
    <property name="libs.junit_4.maven-pom" value="" />
    <property name="mkdist.disabled" value="true" />
    <property name="javac.test.processorpath" value=":build/classes:C:\Program Files\NetBeans 8.2\platform\modules\ext\junit-4.12.jar:C:\Program Files\NetBeans 8.2\platform\modules\ext\hamcrest-core-1.3.jar" />
    <property name="netbeans.buildnumber" value="201609300101" />
    <property name="libs.JWSAntTasks.javadoc" value="" />
    <property name="build.generated.sources.dir" value="build/generated-sources" />
    <property name="user.variant" value="" />
    <property name="libs.eclipselinkmodelgen.classpath" value="C:\Program Files\NetBeans 8.2\java\modules\ext\eclipselink\org.eclipse.persistence.jpa.modelgen_2.5.2.v20140319-9ad6abd.jar" />
    <property name="sun.java.launcher" value="SUN_STANDARD" />
    <property name="libs.hibernate4-persistencemodelgen.javadoc" value="" />
    <property name="libs.jaxb.javadoc" value="C:\Program Files\NetBeans 8.2\ide\docs\jaxb-api-doc.zip" />
    <property name="ant.home" value="C:\Program Files\NetBeans 8.2\extide\ant" />
    <property name="libs.junit_4.src" value="C:\Program Files\NetBeans 8.2\platform\docs\junit-4.12-sources.jar" />
    <property name="libs.testng.classpath" value="C:\Program Files\NetBeans 8.2\platform\modules\ext\testng-6.8.1-dist.jar" />
    <property name="libs.absolutelayout.maven-pom" value="" />
    <property name="ant.java.version" value="1.8" />
    <property name="java.library.path" value="C:\Program Files\Java\jdk1.8.0_111\jre\bin;C:\Windows\Sun\Java\bin;C:\Windows\system32;C:\Windows;C:\Program Files (x86)\Common Files\Oracle\Java\javapath;C:\ProgramData\Oracle\Java\javapath;C:\Windows\system32;C:\Windows;C:\Windows\System32\Wbem;C:\Windows\System32\WindowsPowerShell\v1.0\;C:\Windows\System32\OpenSSH\;C:\Program Files (x86)\NVIDIA Corporation\PhysX\Common;C:\Program Files\NVIDIA Corporation\NVIDIA NvDLISR;C:\Program Files\dotnet\;C:\Users\juyut\AppData\Local\Microsoft\WindowsApps;C:\Users\juyut\AppData\Local\GitHubDesktop\bin;E:\VS Code\Microsoft VS Code\bin;E:\VS Code\Salesforce CLI\bin;." />
    <property name="javadoc.author" value="false" />
    <property name="java.util.logging.config.class" value="org.netbeans.core.startup.TopLogging" />
    <property name="libs.spring-framework400.src" value="" />
    <property name="libs.PostgreSQLDriver.src" value="" />
    <property name="sun.arch.data.model" value="64" />
    <property name="basedir" value="F:\2DAM\DI\tema8\JUnit-Sample" />
    <property name="libs.jpa20-persistence.maven-pom" value="" />
    <property name="jar.compress" value="false" />
    <property name="path.separator" value=";" />
    <property name="ant.junit.enabletestlistenerevents" value="true" />
    <property name="sun.io.unicode.encoding" value="UnicodeLittle" />
    <property name="libs.jaxws21.classpath" value="C:\Program Files\NetBeans 8.2\ide\modules\ext\jaxb\jaxb-impl.jar;C:\Program Files\NetBeans 8.2\ide\modules\ext\jaxb\jaxb-xjc.jar;C:\Program Files\NetBeans 8.2\java\modules\ext\jaxws22\FastInfoset.jar;C:\Program Files\NetBeans 8.2\java\modules\ext\jaxws22\gmbal-api-only.jar;C:\Program Files\NetBeans 8.2\java\modules\ext\jaxws22\ha-api.jar;C:\Program Files\NetBeans 8.2\java\modules\ext\jaxws22\javax.mail_1.4.jar;C:\Program Files\NetBeans 8.2\java\modules\ext\jaxws22\jaxws-rt.jar;C:\Program Files\NetBeans 8.2\java\modules\ext\jaxws22\jaxws-tools.jar;C:\Program Files\NetBeans 8.2\java\modules\ext\jaxws22\management-api.jar;C:\Program Files\NetBeans 8.2\java\modules\ext\jaxws22\mimepull.jar;C:\Program Files\NetBeans 8.2\java\modules\ext\jaxws22\policy.jar;C:\Program Files\NetBeans 8.2\java\modules\ext\jaxws22\saaj-impl.jar;C:\Program Files\NetBeans 8.2\java\modules\ext\jaxws22\stax-ex.jar;C:\Program Files\NetBeans 8.2\java\modules\ext\jaxws22\stax2-api.jar;C:\Program Files\NetBeans 8.2\java\modules\ext\jaxws22\streambuffer.jar;C:\Program Files\NetBeans 8.2\java\modules\ext\jaxws22\woodstox-core-asl.jar;C:\Program Files\NetBeans 8.2\java\modules\ext\jaxws22\api\jaxws-api.jar;C:\Program Files\NetBeans 8.2\java\modules\ext\jaxws22\api\jsr181-api.jar;C:\Program Files\NetBeans 8.2\java\modules\ext\jaxws22\api\javax.annotation.jar;C:\Program Files\NetBeans 8.2\java\modules\ext\jaxws22\api\saaj-api.jar;C:\Program Files\NetBeans 8.2\ide\modules\ext\jaxb\activation.jar;C:\Program Files\NetBeans 8.2\ide\modules\ext\jaxb\api\jaxb-api.jar;C:\Program Files\NetBeans 8.2\ide\modules\ext\jaxb\api\jsr173_1.0_api.jar" />
    <property name="compile.on.save" value="true" />
    <property name="apple.awt.graphics.UseQuartz" value="true" />
    <property name="libs.DBDervy.maven-pom" value="" />
    <property name="user.language" value="es" />
    <property name="testng.mode" value="testng" />
    <property name="libs.JAXB-ENDORSED.maven-pom" value="" />
    <property name="libs.eclipselink.maven-pom" value="" />
    <property name="test.binaryincludes" value="&lt;nothing&gt;" />
    <property name="libs.spring-framework300.maven-pom" value="" />
    <property name="run.test.classpath" value=":build/classes:C:\Program Files\NetBeans 8.2\platform\modules\ext\junit-4.12.jar:C:\Program Files\NetBeans 8.2\platform\modules\ext\hamcrest-core-1.3.jar:build/test/classes" />
    <property name="ant.project.invoked-targets" value="test" />
    <property name="test.binaryexcludes" value="" />
    <property name="libs.swing-layout.javadoc" value="C:\Program Files\NetBeans 8.2\platform\docs\swing-layout-1.0.4-doc.zip" />
    <property name="sun.java2d.dpiaware" value="true" />
    <property name="libs.hibernate4-persistence.maven-pom" value="" />
    <property name="https.nonProxyHosts" value="localhost|127.0.0.1|DESKTOP-9NE8VMQ" />
    <property name="libs.PostgreSQLDriver.maven-pom" value="" />
    <property name="java.class.version" value="52.0" />
    <property name="libs.hibernate4-persistencemodelgen.maven-pom" value="" />
    <property name="libs.eclipselink.javadoc" value="C:\Program Files\NetBeans 8.2\java\modules\ext\docs\javax.persistence-2.1.0-doc.zip" />
    <property name="user.properties.file" value="C:\Users\juyut\AppData\Roaming\NetBeans\8.2\build.properties" />
    <property name="runtime.encoding" value="UTF-8" />
    <property name="libs.javac-api.maven-pom" value="" />
    <property name="file.encoding.pkg" value="sun.io" />
    <property name="sun.cpu.endian" value="little" />
    <property name="libs.JAXB-ENDORSED.javadoc" value="" />
    <property name="libs.JWSAntTasks.classpath" value="C:\Program Files\NetBeans 8.2\java\ant\extra\org-netbeans-modules-javawebstart-anttasks.jar" />
    <property name="libs.spring-framework300.src" value="" />
    <property name="empty.dir" value="F:\2DAM\DI\tema8\JUnit-Sample\build\empty" />
    <property name="ant.file.type.JUnit-Sample-impl" value="file" />
    <property name="version-output" value="java version &quot;1.8" />
    <property name="test.binarytestincludes" value="" />
    <property name="libs.hibernate4-persistencemodelgen.src" value="" />
    <property name="javadoc.preview" value="true" />
    <property name="libs.jpa20-persistence.javadoc" value="C:\Program Files\NetBeans 8.2\java\modules\ext\docs\javax.persistence-2.1.0-doc.zip" />
    <property name="java.home" value="C:\Program Files\Java\jdk1.8.0_111\jre" />
    <property name="debug.test.classpath" value=":build/classes:C:\Program Files\NetBeans 8.2\platform\modules\ext\junit-4.12.jar:C:\Program Files\NetBeans 8.2\platform\modules\ext\hamcrest-core-1.3.jar:build/test/classes" />
    <property name="netbeans.importclass" value="org.netbeans.upgrade.AutoUpgrade" />
    <property name="ant.project.default-target" value="default" />
    <property name="annotation.processing.run.all.processors" value="true" />
    <property name="libs.PostgreSQLDriver.javadoc" value="" />
    <property name="libs.MySQLDriver.maven-pom" value="" />
    <property name="libs.hibernate4-persistence.javadoc" value="C:\Program Files\NetBeans 8.2\java\modules\ext\docs\javax.persistence-2.1.0-doc.zip" />
    <property name="http.nonProxyHosts" value="localhost|127.0.0.1|DESKTOP-9NE8VMQ" />
    <property name="libs.junit_4.javadoc" value="C:\Program Files\NetBeans 8.2\platform\docs\junit-4.12-javadoc.jar" />
    <property name="run.classpath" value=":build/classes" />
    <property name="jna.boot.library.name" value="jnidispatch-422" />
    <property name="sun.awt.datatransfer.timeout" value="1000" />
    <property name="ant.file.JUnit-Sample-impl" value="F:\2DAM\DI\tema8\JUnit-Sample\nbproject\build-impl.xml" />
    <property name="libs.jpa2-persistence.maven-pom" value="" />
    <property name="annotation.processing.enabled.in.editor" value="false" />
    <property name="libs.hibernate4-support.classpath" value="C:\Program Files\NetBeans 8.2\java\modules\ext\hibernate4\antlr-2.7.7.jar;C:\Program Files\NetBeans 8.2\java\modules\ext\hibernate4\c3p0-0.9.2.1.jar;C:\Program Files\NetBeans 8.2\java\modules\ext\hibernate4\hibernate-c3p0-4.3.1.Final.jar;C:\Program Files\NetBeans 8.2\java\modules\ext\hibernate4\mchange-commons-java-0.2.3.4.jar;C:\Program Files\NetBeans 8.2\java\modules\ext\hibernate4\dom4j-1.6.1.jar;C:\Program Files\NetBeans 8.2\java\modules\ext\hibernate4\ehcache-core-2.4.3.jar;C:\Program Files\NetBeans 8.2\java\modules\ext\hibernate4\hibernate-ehcache-4.3.1.Final.jar;C:\Program Files\NetBeans 8.2\java\modules\ext\hibernate4\hibernate-core-4.3.1.Final.jar;C:\Program Files\NetBeans 8.2\java\modules\ext\hibernate4\jboss-logging-3.1.3.GA.jar;C:\Program Files\NetBeans 8.2\java\modules\ext\hibernate4\hibernate-commons-annotations-4.0.4.Final.jar;C:\Program Files\NetBeans 8.2\java\modules\ext\hibernate4\hibernate-entitymanager-4.3.1.Final.jar;C:\Program Files\NetBeans 8.2\java\modules\ext\hibernate4\javassist-3.18.1-GA.jar;C:\Program Files\NetBeans 8.2\java\modules\ext\hibernate4\jboss-transaction-api_1.2_spec-1.0.0.Final.jar;C:\Program Files\NetBeans 8.2\java\modules\ext\hibernate4\slf4j-api-1.6.1.jar;C:\Program Files\NetBeans 8.2\java\modules\ext\hibernate4\slf4j-simple-1.6.1.jar" />
    <property name="nb.native.filechooser" value="false" />
    <property name="sun.management.compiler" value="HotSpot 64-Bit Tiered Compilers" />
    <property name="javac.deprecation" value="false" />
    <property name="javadoc.use" value="true" />
    <property name="sun.java2d.noddraw" value="true" />
    <property name="javac.processorpath" value="" />
    <property name="libs.hamcrest.maven-pom" value="" />
    <property name="javac.compilerargs" value="" />
    <property name="svnkit.http.methods" value="Basic" />
    <property name="ant.file" value="F:\2DAM\DI\tema8\JUnit-Sample\build.xml" />
    <property name="libs.beans-binding.maven-pom" value="" />
    <property name="libs.hibernate4-support.javadoc" value="C:\Program Files\NetBeans 8.2\java\modules\ext\docs\javax.persistence-2.1.0-doc.zip" />
    <property name="ant.file.JUnit-Sample" value="F:\2DAM\DI\tema8\JUnit-Sample\build.xml" />
    <property name="libs.beans-binding.src" value="" />
    <property name="java.vm.specification.vendor" value="Oracle Corporation" />
    <property name="libs.swing-layout.src" value="C:\Program Files\NetBeans 8.2\platform\docs\swing-layout-1.0.4-src.zip" />
    <property name="org.openide.major.version" value="IDE/1" />
    <property name="java.vm.name" value="Java HotSpot(TM) 64-Bit Server VM" />
    <property name="netbeans.user" value="C:\Users\juyut\AppData\Roaming\NetBeans\8.2" />
    <property name="javadoc.additionalparam" value="" />
    <property name="java.io.tmpdir" value="C:\Users\juyut\AppData\Local\Temp\" />
    <property name="java.vendor.url" value="http://java.oracle.com/" />
    <property name="endorsed.classpath.cmd.line.arg" value="" />
    <property name="jna.loaded" value="true" />
    <property name="junit.available" value="true" />
    <property name="org.openide.awt.ActionReference.completion" value="org.netbeans.modules.apisupport.project.layers.PathCompletions" />
    <property name="sun.boot.library.path" value="C:\Program Files\Java\jdk1.8.0_111\jre\bin" />
    <property name="have.sources" value="true" />
    <property name="libs.hamcrest.javadoc" value="" />
    <property name="debug.classpath" value=":build/classes" />
    <property name="javac.external.vm" value="true" />
    <property name="javadoc.private" value="false" />
    <property name="test.src.dir" value="test" />
    <property name="ap.processors.internal" value="" />
    <property name="meta.inf.dir" value="src/META-INF" />
    <property name="javadoc.encoding.used" value="UTF-8" />
    <property name="dist.jar" value="dist/JUnit-Sample.jar" />
    <property name="libs.spring-framework400.maven-pom" value="" />
    <property name="java.runtime.name" value="Java(TM) SE Runtime Environment" />
    <property name="ant.project.name" value="JUnit-Sample" />
    <property name="netbeans.hash.code" value="unique=NBJDK_EXTIDE_JAVA_JDK0568f8465-bfbf-49f3-a705-ecd02341fbbb_33647172-62d2-4879-8f35-2e5e83846aa0" />
    <property name="netbeans.default_userdir_root" value="C:\Users\juyut\AppData\Roaming\NetBeans" />
    <property name="sun.cpu.isalist" value="amd64" />
    <property name="libs.spring-framework400.javadoc" value="" />
    <property name="libs.CopyLibs.javadoc" value="" />
    <property name="libs.DBDervy.javadoc" value="" />
    <property name="org.openide.specification.version" value="6.2" />
    <property name="user.home" value="C:\Users\juyut" />
    <property name="annotation.processing.processors.list" value="" />
    <property name="debug-args-line" value="-Xdebug" />
    <property name="libs.JWSAntTasks.src" value="" />
    <property name="jar.index" value="false" />
    <property name="libs.CopyLibs.maven-pom" value="" />
    <property name="libs.spring-framework300.javadoc" value="" />
    <property name="libs.absolutelayout.javadoc" value="" />
    <property name="java.specification.name" value="Java Platform API Specification" />
    <property name="java.specification.vendor" value="Oracle Corporation" />
    <property name="libs.javac-api.classpath" value="C:\Program Files\NetBeans 8.2\java\modules\ext\nb-javac-api.jar" />
    <property name="java.version" value="1.8.0_111" />
    <property name="run.jvmargs.ide" value="" />
    <property name="javadoc.version" value="false" />
    <property name="libs.MySQLDriver.javadoc" value="" />
    <property name="org.openide.version" value="deprecated" />
    <property name="platform.java" value="C:\Program Files\Java\jdk1.8.0_111\jre/bin/java" />
    <property name="source.encoding" value="UTF-8" />
    <property name="ap.cmd.line.internal" value="" />
    <property name="libs.eclipselinkmodelgen.maven-pom" value="" />
    <property name="libs.eclipselinkmodelgen.javadoc" value="" />
    <property name="netbeans.home+have.tests" value="true" />
    <property name="annotation.processing.processor.options" value="" />
    <property name="libs.testng.maven-pom" value="" />
    <property name="libs.jaxb.src" value="" />
    <property name="jdk.launcher.addexports.5" value="java.management/sun.management=ALL-UNNAMED" />
    <property name="jdk.launcher.addexports.4" value="java.desktop/com.sun.java.swing.plaf.windows=ALL-UNNAMED" />
    <property name="jdk.launcher.addexports.3" value="java.desktop/sun.awt.im=ALL-UNNAMED" />
    <property name="work.dir" value="F:\2DAM\DI\tema8\JUnit-Sample" />
    <property name="jdk.launcher.addexports.2" value="java.desktop/java.awt.peer=ALL-UNNAMED" />
    <property name="libs.jaxb.classpath" value="C:\Program Files\NetBeans 8.2\ide\modules\ext\jaxb\jaxb-impl.jar;C:\Program Files\NetBeans 8.2\ide\modules\ext\jaxb\jaxb-xjc.jar;C:\Program Files\NetBeans 8.2\ide\modules\ext\jaxb\jaxb1-impl.jar;C:\Program Files\NetBeans 8.2\ide\modules\ext\jaxb\activation.jar;C:\Program Files\NetBeans 8.2\ide\modules\ext\jaxb\api\jaxb-api.jar;C:\Program Files\NetBeans 8.2\ide\modules\ext\jaxb\api\jsr173_1.0_api.jar" />
    <property name="jdk.launcher.addexports.1" value="java.base/jdk.internal.jrtfs=ALL-UNNAMED" />
    <property name="jdk.launcher.addexports.0" value="java.desktop/sun.awt=ALL-UNNAMED" />
    <property name="do.depend" value="false" />
    <property name="dist.javadoc.dir" value="dist/javadoc" />
    <property name="libs.swing-layout.classpath" value="C:\Program Files\NetBeans 8.2\platform\modules\ext\swing-layout-1.0.4.jar" />
    <property name="build.generated.dir" value="build/generated" />
    <property name="javac.source" value="1.8" />
    <property name="line.separator" value="&#xd;&#xa;" />
    <property name="java.specification.version" value="1.8" />
    <property name="libs.jaxws21.maven-pom" value="" />
    <property name="java.vm.info" value="mixed mode" />
    <property name="nb.junit.batch" value="true" />
    <property name="junit.forkmode" value="perTest" />
    <property name="sun.boot.class.path" value="C:\Program Files\Java\jdk1.8.0_111\jre\lib\resources.jar;C:\Program Files\Java\jdk1.8.0_111\jre\lib\rt.jar;C:\Program Files\Java\jdk1.8.0_111\jre\lib\sunrsasign.jar;C:\Program Files\Java\jdk1.8.0_111\jre\lib\jsse.jar;C:\Program Files\Java\jdk1.8.0_111\jre\lib\jce.jar;C:\Program Files\Java\jdk1.8.0_111\jre\lib\charsets.jar;C:\Program Files\Java\jdk1.8.0_111\jre\lib\jfr.jar;C:\Program Files\Java\jdk1.8.0_111\jre\classes" />
    <property name="javac.target" value="1.8" />
    <property name="built-jar.properties" value="F:\2DAM\DI\tema8\JUnit-Sample\build\built-jar.properties" />
    <property name="build.test.classes.dir" value="build/test/classes" />
    <property name="src.dir" value="src" />
    <property name="annotation.processing.enabled" value="true" />
    <property name="libs.jpa2-persistence.src" value="" />
    <property name="sun.awt.keepWorkingSetOnMinimize" value="true" />
    <property name="libs.jpa20-persistence.src" value="" />
    <property name="ignore.failing.tests" value="true" />
    <property name="ant.file.type.JUnit-Sample" value="file" />
    <property name="dist.dir" value="dist" />
    <property name="testng.debug.mode" value="" />
    <property name="javac.fork" value="true" />
    <property name="java.awt.printerjob" value="sun.awt.windows.WPrinterJob" />
    <property name="default.javac.source" value="1.8" />
    <property name="debug-transport-by-os" value="dt_shmem" />
    <property name="libs.MySQLDriver.src" value="" />
    <property name="sun.jnu.encoding" value="Cp1252" />
    <property name="java.runtime.version" value="1.8.0_111-b14" />
    <property name="build.test.results.dir" value="build/test/results" />
    <property name="default.javac.target" value="1.8" />
    <property name="libs.junit_4.classpath" value="C:\Program Files\NetBeans 8.2\platform\modules\ext\junit-4.12.jar" />
    <property name="user.timezone" value="" />
    <property name="nb.junit.single" value="false" />
    <property name="netbeans.dirs" value="C:\Program Files\NetBeans 8.2\nb;C:\Program Files\NetBeans 8.2\ergonomics;C:\Program Files\NetBeans 8.2\ide;C:\Program Files\NetBeans 8.2\extide;C:\Program Files\NetBeans 8.2\java;C:\Program Files\NetBeans 8.2\apisupport;C:\Program Files\NetBeans 8.2\webcommon;C:\Program Files\NetBeans 8.2\websvccommon;C:\Program Files\NetBeans 8.2\enterprise;C:\Program Files\NetBeans 8.2\mobility;C:\Program Files\NetBeans 8.2\profiler;C:\Program Files\NetBeans 8.2\python;C:\Program Files\NetBeans 8.2\php;C:\Program Files\NetBeans 8.2\identity;C:\Program Files\NetBeans 8.2\harness;C:\Program Files\NetBeans 8.2\cnd;C:\Program Files\NetBeans 8.2\cndext;C:\Program Files\NetBeans 8.2\dlight;C:\Program Files\NetBeans 8.2\groovy;C:\Program Files\NetBeans 8.2\extra;C:\Program Files\NetBeans 8.2\javacard;C:\Program Files\NetBeans 8.2\javafx" />
    <property name="java.ext.dirs" value="C:\Program Files\Java\jdk1.8.0_111\jre\lib\ext;C:\Windows\Sun\Java\lib\ext" />
    <property name="libs.absolutelayout.classpath" value="C:\Program Files\NetBeans 8.2\java\modules\ext\AbsoluteLayout.jar" />
    <property name="excludes" value="" />
    <property name="libs.jpa2-persistence.javadoc" value="C:\Program Files\NetBeans 8.2\java\modules\ext\docs\javax.persistence-2.1.0-doc.zip" />
    <property name="java.class.path" value="F:\2DAM\DI\tema8\JUnit-Sample\build\classes;C:\Program Files\NetBeans 8.2\platform\modules\ext\junit-4.12.jar;C:\Program Files\NetBeans 8.2\platform\modules\ext\hamcrest-core-1.3.jar;F:\2DAM\DI\tema8\JUnit-Sample\build\test\classes;C:\Program Files\NetBeans 8.2\extide\ant\lib\ant-launcher.jar;C:\Program Files\NetBeans 8.2\extide\ant\lib\ant.jar;C:\Program Files\NetBeans 8.2\extide\ant\lib\ant-junit.jar;C:\Program Files\NetBeans 8.2\extide\ant\lib\ant-junit4.jar" />
    <property name="apple.laf.useScreenMenuBar" value="true" />
    <property name="libs.absolutelayout.src" value="" />
    <property name="libs.jpa20-persistence.classpath" value="C:\Program Files\NetBeans 8.2\java\modules\ext\eclipselink\javax.persistence_2.1.0.v201304241213.jar" />
    <property name="os.version" value="10.0" />
    <property name="application.args" value="" />
    <property name="sun.awt.enableExtraMouseButtons" value="true" />
    <property name="sun.desktop" value="windows" />
    <property name="libs.hibernate4-persistence.src" value="" />
    <property name="libs.DBDervy.classpath" value="F:\2DAM\DI\tema4\netbeans\di-t2-apphotel-bionic\src\recursos\derby.jar;F:\2DAM\DI\tema4\netbeans\di-t2-apphotel-bionic\src\recursos\derbyclient.jar;F:\2DAM\DI\tema4\netbeans\di-t2-apphotel-bionic\src\recursos\derbynet.jar" />
    <property name="libs.hibernate4-support.maven-pom" value="" />
    <property name="nb.internal.action.name" value="test" />
    <property name="libs.JAXB-ENDORSED.classpath" value="C:\Program Files\NetBeans 8.2\ide\modules\ext\jaxb\api\jaxb-api.jar" />
    <property name="libs.eclipselink.classpath" value="C:\Program Files\NetBeans 8.2\java\modules\ext\eclipselink\eclipselink.jar;C:\Program Files\NetBeans 8.2\java\modules\ext\eclipselink\javax.persistence_2.1.0.v201304241213.jar;C:\Program Files\NetBeans 8.2\java\modules\ext\eclipselink\org.eclipse.persistence.jpa.jpql_2.5.2.v20140319-9ad6abd.jar" />
    <property name="java.awt.graphicsenv" value="sun.awt.Win32GraphicsEnvironment" />
    <property name="libs.beans-binding.javadoc" value="C:\Program Files\NetBeans 8.2\java\docs\beansbinding-1.2.1-doc.zip" />
    <property name="java.vm.vendor" value="Oracle Corporation" />
    <property name="libs.CopyLibs.classpath" value="C:\Program Files\NetBeans 8.2\java\ant\extra\org-netbeans-modules-java-j2seproject-copylibstask.jar" />
    <property name="libs.spring-framework300.classpath" value="C:\Program Files\NetBeans 8.2\ide\modules\org-apache-commons-logging.jar;C:\Program Files\NetBeans 8.2\java\modules\ext\cglib-2.2.jar;C:\Program Files\NetBeans 8.2\java\modules\ext\spring-3.0\spring-aop-3.2.7.RELEASE.jar;C:\Program Files\NetBeans 8.2\java\modules\ext\spring-3.0\spring-aspects-3.2.7.RELEASE.jar;C:\Program Files\NetBeans 8.2\java\modules\ext\spring-3.0\spring-beans-3.2.7.RELEASE.jar;C:\Program Files\NetBeans 8.2\java\modules\ext\spring-3.0\spring-build-src-3.2.7.RELEASE.jar;C:\Program Files\NetBeans 8.2\java\modules\ext\spring-3.0\spring-context-3.2.7.RELEASE.jar;C:\Program Files\NetBeans 8.2\java\modules\ext\spring-3.0\spring-context-support-3.2.7.RELEASE.jar;C:\Program Files\NetBeans 8.2\java\modules\ext\spring-3.0\spring-core-3.2.7.RELEASE.jar;C:\Program Files\NetBeans 8.2\java\modules\ext\spring-3.0\spring-expression-3.2.7.RELEASE.jar;C:\Program Files\NetBeans 8.2\java\modules\ext\spring-3.0\spring-framework-bom-3.2.7.RELEASE.jar;C:\Program Files\NetBeans 8.2\java\modules\ext\spring-3.0\spring-instrument-3.2.7.RELEASE.jar;C:\Program Files\NetBeans 8.2\java\modules\ext\spring-3.0\spring-instrument-tomcat-3.2.7.RELEASE.jar;C:\Program Files\NetBeans 8.2\java\modules\ext\spring-3.0\spring-jdbc-3.2.7.RELEASE.jar;C:\Program Files\NetBeans 8.2\java\modules\ext\spring-3.0\spring-jms-3.2.7.RELEASE.jar;C:\Program Files\NetBeans 8.2\java\modules\ext\spring-3.0\spring-orm-3.2.7.RELEASE.jar;C:\Program Files\NetBeans 8.2\java\modules\ext\spring-3.0\spring-oxm-3.2.7.RELEASE.jar;C:\Program Files\NetBeans 8.2\java\modules\ext\spring-3.0\spring-struts-3.2.7.RELEASE.jar;C:\Program Files\NetBeans 8.2\java\modules\ext\spring-3.0\spring-test-3.2.7.RELEASE.jar;C:\Program Files\NetBeans 8.2\java\modules\ext\spring-3.0\spring-tx-3.2.7.RELEASE.jar;C:\Program Files\NetBeans 8.2\java\modules\ext\spring-3.0\spring-web-3.2.7.RELEASE.jar;C:\Program Files\NetBeans 8.2\java\modules\ext\spring-3.0\spring-webmvc-3.2.7.RELEASE.jar;C:\Program Files\NetBeans 8.2\java\modules\ext\spring-3.0\spring-webmvc-portlet-3.2.7.RELEASE.jar" />
    <property name="libs.hamcrest.src" value="" />
    <property name="run.jvmargs" value="" />
    <property name="libs.hibernate4-persistence.classpath" value="C:\Program Files\NetBeans 8.2\java\modules\ext\hibernate4\antlr-2.7.7.jar;C:\Program Files\NetBeans 8.2\java\modules\ext\hibernate4\c3p0-0.9.2.1.jar;C:\Program Files\NetBeans 8.2\java\modules\ext\hibernate4\hibernate-c3p0-4.3.1.Final.jar;C:\Program Files\NetBeans 8.2\java\modules\ext\hibernate4\mchange-commons-java-0.2.3.4.jar;C:\Program Files\NetBeans 8.2\java\modules\ext\hibernate4\dom4j-1.6.1.jar;C:\Program Files\NetBeans 8.2\java\modules\ext\hibernate4\ehcache-core-2.4.3.jar;C:\Program Files\NetBeans 8.2\java\modules\ext\hibernate4\hibernate-ehcache-4.3.1.Final.jar;C:\Program Files\NetBeans 8.2\java\modules\ext\hibernate4\hibernate-core-4.3.1.Final.jar;C:\Program Files\NetBeans 8.2\java\modules\ext\hibernate4\jboss-logging-3.1.3.GA.jar;C:\Program Files\NetBeans 8.2\java\modules\ext\hibernate4\hibernate-commons-annotations-4.0.4.Final.jar;C:\Program Files\NetBeans 8.2\java\modules\ext\hibernate4\hibernate-entitymanager-4.3.1.Final.jar;C:\Program Files\NetBeans 8.2\java\modules\ext\hibernate4\javassist-3.18.1-GA.jar;C:\Program Files\NetBeans 8.2\java\modules\ext\hibernate4\jboss-transaction-api_1.2_spec-1.0.0.Final.jar;C:\Program Files\NetBeans 8.2\java\modules\ext\hibernate4\slf4j-api-1.6.1.jar;C:\Program Files\NetBeans 8.2\java\modules\ext\hibernate4\slf4j-simple-1.6.1.jar;C:\Program Files\NetBeans 8.2\java\modules\ext\hibernate4\hibernate-jpa-2.1-api-1.0.0.Final.jar" />
    <property name="libs.JAXB-ENDORSED.src" value="" />
    <property name="dist.archive.excludes" value="" />
    <property name="libs.testng.javadoc" value="C:\Program Files\NetBeans 8.2\platform\docs\testng-6.8.1-javadoc.zip" />
    <property name="user.script" value="" />
    <property name="libs.PostgreSQLDriver.classpath" value="C:\Program Files\NetBeans 8.2\ide\modules\ext\postgresql-9.4.1209.jar" />
    <property name="libs.hibernate4-persistencemodelgen.classpath" value="C:\Program Files\NetBeans 8.2\java\modules\ext\hibernate4\hibernate-jpamodelgen-4.3.1.Final.jar" />
    <property name="annotation.processing.source.output" value="build/generated-sources/ap-source-output" />
    <property name="libs.CopyLibs.src" value="" />
    <property name="build.dir" value="build" />
    <property name="libs.DBDervy.src" value="" />
    <property name="ant.version" value="Apache Ant(TM) version 1.9.7 compiled on April 9 2016" />
    <property name="file.encoding" value="Cp1252" />
    <property name="build.classes.excludes" value="**/*.java,**/*.form" />
    <property name="jdkBug6558476" value="false" />
    <property name="javadoc.nonavbar" value="false" />
    <property name="platform.active" value="default_platform" />
    <property name="awt.toolkit" value="sun.awt.windows.WToolkit" />
  </properties>
  <testcase classname="sample.UtilsTest" name="helloWorldCheck" time="0.002" />
  <testcase classname="sample.UtilsTest" name="testWithTimeout" time="0.469" />
  <testcase classname="sample.UtilsTest" name="temporarilyDisabledTest" time="0.001">
    <skipped />
  </testcase>
  <testcase classname="sample.UtilsTest" name="checkExpectedException" time="0.0" />
  <system-out><![CDATA[* UtilsTest: @BeforeClass method
* UtilsTest: @Before method
* UtilsTest: test method 1 - helloWorldCheck()
* UtilsTest: @After method
* UtilsTest: @Before method
* UtilsTest: test method 2 - testWithTimeout()
computing 28147!
28147! = 5043279698294737811223817815298252571793172818894990724758966302431754938589488832342082379497910294322714310408044585248001408651412247448942785988076891231693061629068197235306224136222893297443021365218850566554243658524068900619620258504124503860517752340303859373903220950051925313895026224727929073775893264840181134074271877069063437627324033337263367675361269236169293921890802428183577936472763275134839513161167719476331670071868427391050483796957346936851274652698012947456445421812455430696711689887567187645288105452200127239217916535960563071499039827985606832420460614302034531760051730239057099424677438196608016339554394191762273826399544563759833493865875594143140282485416136252940171651254860409844144704011087664702557370936617608452868738292222710749197513513787563906191814653119066415657835172137346265611953617328976988710185829432757277032395133600745977441983284601935225269213261150963994427958616409422462407752947074693322086830218977348647371368172781861114429597641045846959245619469537524932420360089112910659173921432515578747081090211785059076723388142526644838546627548379827071230465205149336317022966888405718959416735159419383404381974396068485013719831188512247633288590191057720207542997518979455548049189577518706303631628593655756458633766265382231329251890671627863233816300758371910859518646273845880623610240622697966328227442688407296969487591738905157874060768950830089023510423588744800261369600283905632013037003233280234550696968599692915740689073950682639694342097406403865315866520733889724034085774150072580095272978580477807793017648221939043513024307443345190275023111231830638014107640893152583991321651753107522118642159137889571303382152869762664345183627551720721124944440781872229869441798170946661187895968156576656127645955960533494533391441959241790699513400996814876403353240122761135858712207636858710977039635999327418836406001160895312187370103836448991565536508204371937318067347768744874242660870647199826666036315072380048560572335793509089151031586288221812410440447862570796629880692174581992881309900739410125365449945645096442496165061637263781319774452631477602291684387851758397844981535548960999327188368365810871579263100595632740662182185176560138136413285290904725800846467536209721379786573123910438523618247986241781250450893680352968971400251819971598892790075429095675246404500301192776038960888342693752785545011125141888433489224501910886591255182034206284858568434816370768610215045431898677341477089855853896802063289234314373932247455946448641258088548176875781066191163140062240764111548705115844673427839789448602102671634152052768389335043180205930740246687529980129527809856681110095850467039353128736675934279947076180019866898625920678143682761051002949702521779083003227861697684652682824801273864855764029837240831109348472261077079939426885636549638950240851508365540990097181749861966622036762414670861051218359724977076827597988187041758598633905617531430385272966047261714782131320355781177843296959355636347931302883719347901107864281628204786159594912166988442218420548893950386333450012207545816476721288434324733242007809274659303663499706418105626784619744038773895568339743763896957430067068715728986234297067023765471655246517921562612226421329517800421268022717114364305756800701796644149996965013657938644851241845956945992847819684424615433044859970303714002988041128401121368942724899374644282245809466162061865648298800837049555585347631053274897877660165810605976956504964262619433145983233602238820574160087590705969172829115763852806135305727982242549887781088208459510218371666654290250409922780691338574084148841802906421915437832880379070757525502556081937617174838000386239069649234454045734040161856087626474856312944843224352581765159353072174013283422243882984344480724625500935866444416919873743035424348116389343236675784726580804745597783722305720749484719026793125545352236077618107046006795109212690448660592713099811662076184993689470772462021924599087998402473967243615776655047950067800997939770574248576353509835756860325525853932911863031453704182453178924352394119072810546809268289401646676519791970947567756056536806822592780422183216307485419118008869763074014940999822179252529020614680104682462163001548922765236546403650946503127964631002125141094767468528725317314826608064668410393272719224353626561826318928048525118744125164036965369156524431242665847042501149073482703091633866295181256255704985556246014544515968050864401063087451682710768702654740666031979074359429193524828210281047057623384380898181249889354953464646449635485249185382808453842522142476246982425079138268740365562450711684640937114100018527143794435079796774557535437211050914212421180916226055306012341937642721210787171445214869384755501787137439512221291872465961956506594333642589586826593559349039868492623543379324985564747887594045418814548606774235571229668638542537906882268158773234051678628370654455349802781573646421785497491985585145915529944197254735888561066763388092643747518111026162433712253283475029985491786631555030431000942008010201333473934412613986292095006088260598021697838099957367699945255941331758222218010123210216407017163703827737224189980760386207627975431082708275622939327009941816526880990375441522456273967609577847352749300606161355402131521639889395940506734087533045723241613651781979093051000950159298699044357757772468558038017850793532243669315769858507215730116082034118935461575360296151134335084820584490356231660308866140033240723544608897474927170653899109973179562122487711990118491970894161333059781759036151450954472647328824971147921540979874818052259451864091917214823034119611871604371154734980547040754262232080741088247537046482006577551465350396481174729622079973292291937568203176784392864965257107554302805853742400684240896893682877773232332772482106679407815195151292309087176962961186856457502483270959693029529982094281031169145723005138080169036370532531908934909024433393024578267361904198631783476729141174856669972702512605417056553547380018870902265703615507552655444005912405980367459741015626828362057842791995777142508383722461583189760904925450882134994096063083426672873798629422595116971644994323706765984464243928961303874718205646043249221745427386663396053890297576728183559434274968086493175655079539990432478774491597381228473879262527315272995874711149737624712751843349440573725018735083499527498050515724461468654616054588246475913641415904865041629980109679589390411753141354303660359448923655971783573680449553682914190174917358779213431862701694792650633133812783875766200688570486349682676545135365222743375628865529973936260077684582939458683702217060666132451896377845833746675260113916029081185432045586919934206572878122281591793362703971875365439047477662381087954832608868349854822032254771210033351955032142321243388223883351810458972377357739582021727137220168332137059471098648318519600316911315088492400685001629067641702468293524278876277771300835010688539497331264429802396416036129843486054390135401188391291293936094312385855330894535224176307708437283002883192684802174212858563648244834505809302275384935953415151478081513059629901610743490834584435835894580232839523953761789476552152787386013004419669259995392348477031857184056253127752497484487512753748617846190095455377896761672172927716062832209224887541945789701424355313779547793698130729877282630065838769011364129668348839624759831309002712093178772710313614383654619845628679289060683038283037429759331665668192118517189896750100130903082793311667478145288416187951822183810709990583758922705827426415117571263231015999334924132178177905662167554785924154082038955496253362295748497345073294861654146018832040805247127493838965518686429075268192498213210502800176864530123660627000025254407506570486913799747234650611864770695811024785922549514089865930013107721103796972143128991562119294013546634226785270605631898333317413393639696332086216410072555023211373425782394037566335642762648379028032952972276191712885156475811088218426823760215156101652159398132310236211754209844673872085426505537455038683431678069380927651510302194401172501350131171346462168623003850669794028051931978418473072545476352886342718265192049725371225031762848796995424801710284811548459419760289014622845901672878529029653440648303353762339937956186037857440803158847069311637753582754657341166485222731294134408830300186928313348203481231916412812574171131367846639125281280870761067973835004461877382367592798128468891765247928728169617888833351761029275568976939784758858390077992551279070106145165081268871881559523708580035441266912683325936719493056630986615354367919890362881734582878045569671751439548266846754056867806495694195194747156943010028983121637768078474925247427850371629054324947027061088103699688135721464133552039576818381548424532510691244379207015776431244135462462088393194080897271582855769538064674967712924840737336821854333880149405834165313012880697861756426877116195266846674715893113247758957356372170059383743610775772119151713359466227177360435025197649927515829847367793790027724968100636629252516348093877986338400944335640219072094511165897632759584491292713238142944073587084086178630829831628557149419076868481408562189946004687297558258499737730406217189436047958655435331431724212487117258810520320568684797316202805696561710164076493868003788400913896057587889073832779561880485438368725589650082825484115302121527813908568116459177471226206320511731559633988127498285596703211867806904643907262403751692879141972583647087236830536839534214098976608075298786993499684749054559523425132300778741968455730200551553768301820791110125523234946536747556696616043992291109148413945635840853573700727328712036340665808467415632019488643706505503111387683275190537153797328301745634151263020641062035349167627173028227569392524738454861440363000792647761235211830297816026236677785580577255755044806639372624045386043586382202097143986398173427659124158212951163330465958494142123418476881071107588794944281137192475296273449671858115738744173514318036874199046655244735107082785809680818230927626101812223819983879049715973856803532710618110234631391683816515363846603155878060260521947937848949159895936427082829041351503522626709174990624877538613409501929728101333121971527812879670210825866421830027334469877483925554498335841789273336228944990524157917474484094633887092727280313791255063248102730202477709832486063924827199909151284292630887799540740217507018808825865135717432673462527786835809915914661470165812248975722248100281358500713607013436315937315141755211650192918800865454422812336875859174179331919324404399163096382228555446059325661897343757069408335578806984443231143736697497592618326618159564495984248985513051488186520925597857608452554302136933334485103052718629060769325134088716225669439027214969940260153621972016795106951786053791613887927681960008696354464106082151241617542261369140492782198154076252898687314692879434114001988428046715164951076549356106910088853708393692616126813372387157213210041560820629540211390736066233285300349418031942697339231915064203765383401572788456495059580733118715553037091854269009341001830493500618488306678755944140658938741366004694361635643143028903513743133351563904794145883578493227695342005002234296928319753209642967999780031142526769067968221815229804270669252334049003922382585841621516568596916232960955491804752250330730135243152959239367322679016077454681673055185276479000627320549804894089727126468549901581223603762788238463962706538905848128946732844131429747064952846768243468224300607652762291038218259412684415288563138263066766994804090538342045304824947111828882452482135136361854953539835129976954628107072674548400273700543826097760490556313474342450183886487807200920613548704055348793435401521758344760799125485808733030114374436344936109191622043482621572292482698085554726753710188947214747951232767461459215804264838762034923202033696500415119199757301511709908640491456795230451591315228933186996650741427337515327549680280267995029911256948154855948469345001209968434329194684661323042282891030179502646653297399489610403665904611996421096752105410408679835383721076271833982581313397600185116691291871542224761032726949701004341548986667758731939930971690435957619331703536273479041612800140006335387801967614890575193501764796811728296658920292497265583851022715627242149656323684415808506242235676991151283813553153145131493935539393554034257603993157159846957890766283959210589794152777758935710314547704698196391122118673984780269070037032429336020582091806621110498932121397994683697981692174355717221638906413164226411866533936219346352684712384884576453621503073434977491883903662316411359025821126384303662183950117560575519048923285289733344096456392903532313753553068215971295622781918698163989075395181200473472885394989994090173122605350677894013849406737045668766406958671526131869349064369353819936626481211409491042583382986142937098825857320008143033034906945033904991543316043302266004580114431050741839486122266709541752929221408878171132329332298387245737615132911601467884268988080687907126982989595550436691402419793553304951845951523374824214444304162444661604092062143761633279599149023475686472283967177404309700406677183330550642519286495289293165777383290556853825235927655319477643782330927143645117214478795413923983113717039739735897866525501990831314828494576703342677084408669839730255640386285642835905533212428003707405732363081474944972269974747334518724909770252254829661741793140441199782910273701548232814972110905004062641513725659646155907598822049344100396768917884855748773299374988593910490172161116215815397549943638883051607678733545040548230055670266264094501967888753708422249773565135816014255769255324751948959753064196979045942118532231305066085057938706340236495233939386580255962415908123733996556461583907430444461871481513535204722106509434582058975071467586012973516265774430592787265000423325155947420881478010288914108974555490278668042656847848229263191942363801942437223728408108329262530407853668528266255616857956739694734707385122635424257268834506694736307953534650272810766702676137107211043300162310182114662674921834655153515659974768392262015282004878677146862938337918960459189031811514147505757869638338378858356541827784542836147515370688242694717209229392102989096184032358107888157022632194544509725415573298871260590076098592737230408308711375511516212407575746216780081247411112712016298372412267292280249190864847593343312909560456278449899716684145744484196322943899716885543463332721679012588994249417018018220177130595743868833488871414357391625037887895502634573138112759393173993466719904919565251917126939515760636357808130017536526417289111993317932298397392622824618495678933713060786336277957839587748973860753641601912868065869873441697676330724198478860744104698930813145300654146888833468367786966528487055830922105657138351829049588015250380391056695982243821894769006586132142036659350429504368825121987135840846142986964977948190022043597799064677467241719515800497698364656964296204270445220313205890299313142476000341225898976179904937834735204274942499060722967130475567422916056386202865999500531807658929507462432300189829313646474979497319659091334876684744261883196817403604178732720733462925844200838008135143198659044962150966770122129658396719947801940167518425173004846910494826905133028507854172488077908867330884886646966618762541572682912193140936154960666872389567778063169557427541150561098063308124873752712776709414022836928199706766942566296749857078121130302910350556665179633495854146673148311485361515387535115193633634997221297544922097641325176418754109573570714520019760888267808496748855129095665022482711510405255727814723293728465346859198179827479836555239531549696531916568279384639058833407596494945337433590043824370676578566656811015449531501147626471734301678621199880571737190560214086213459687446263193527431493713427301694138217143860100241605693272922828717474042028954504141380822135988184308422053341380460453179873703581526619681086159761486102614973763501133442228221935805850331908853821097541194493612947064838945915702718596178282714101711209303855662499984696678025433785043903646761143495657428694511600914735385032920069848131183350594467291990264974901755124266339944667719002890426632495293318659757187774028715030240006230314538513754070320739213502458923474158551259298755011882578818408604205990925955136990475766025231735264796642726880204443903225366251348735090831818059970136691498422627739972061981980609119484244697395283674270640093770165549381999416077126936322108828414715764373225476255828784979140750184799837255350085270724640314017408586990319517867008047467251900457774464338208577573154928913240232870210340611692156310204001705889593255214990188988429863423127699585430094171399892040902578857849013093629244776529891990798238490785858221147831051799278663204114388944793614028915713942671096167462043776818554823301976735265213324567666329737392864147132342422961418581057351589402390796351305405845671438524828921147470267074145194580775398082459276259500815772818354180443413554037656819160190412221994310422697584043634692484731006843952279349536740205031711132451575882038839040601133589880501324996226396238212352509880055732950591652124131856347898510143004407710723726425008291858083901764763508391986377041297955786837083746324040506634653363791629071975351573941873504942632888913595107239067540986457447215910955443017863183884417228773588234804980347176027047442534986502837696982577278064746328937084310204640619905855230551348469591081640998041554725013092189570207877788115786416508910163385698257645486824905049929221740866233657552271199646377487273197107223318105747777578910023678949117260572450210673410505350637323318203971321442359025845504682817451015306656439135447763523269581184619200925522762197438413778216420694147339190634404776985099926633407752905791504861018140652355233782232918478786763662502882373590079023955621757163190607260946746950393107810669650794360474999245520269142661680229747631153901656702164698397762059832992180945065829556591279600011888834977547168801005307485133178007470449439950331871828798149925097556064403582803149374779839134841451303750920107214912593761195623258879618028207687170974298660369599621081560017656616615338411461766148368232522201856486336177981058016665103491078445529243267915174079353456507398414687321095666550943180897391916952528554677199382922256849663863219643751259008405641103704715105478893039582491504339124040082844856740835637225587404132791540415960850196517706715601352480550351841249443920105613679257690663648792931913029425329899236418161700552208102575464236127283457794719565342118248356018767264311458159685252058563843740608082645496881304790529476533796560063866376843818154992306080825842821940082150383413961571946556665768227851068009626654434826527254751256257354760146884578342472372558450447073275713711312772948828085671392938150714672217849643503384619571218340142164589560172091304067766442759845596187626490912139071343088458360796443817837241381281698446348610614989619746155588204636533645740508047563612579114394683853766911704663410517094034251201607808422236145322298198949511639014381737032594429190340277408510911562714125023485468269520733510014289078834435336286356234235749277848147792044673598054800499604778702646455099489288748062814278628726216835770477871147349078527858277358877231487147640862571122796774767667726674846967251836727205740715020932088082222749582332612647238956408087204827773089901759694752536348315447487056982593394829070811004168195754504130699365134912980499013168450360503813258285646322097196602240769355666509303299759322535090536669727107640385029515463434021334633587387874869152645885921428723248863193514665651903547710745910722959818372062407433940807253628777805472261141048086516253839258587657418954886836973179946487738253719935037897124499899217642610619311215848486885832509819117983589388369968640096818706365503120660838088479663154903729443441006982754102248031195829856934547587383062543067373157949526854250375291341810522840588934743112798203027838782713560938501050457330987580886665288987296215786532299310793129156063857719475471739279362218067629469323585352452908925625033355778502579061035238714758117345225625332927420991387911796580713819500894748284822807608582898202256407547221010853264348520804848003272635865060906817167241332629427961143662878093141547241235194627316872579735207821625668427250683913850321610597054865932939189804415426523263858002110873719101790337527053526146711521519829400226846499480529680732475231608451339728995683494933677603313062522245172919586719740135616246396538855617446660092880938730507869935187227644861637824503810825411219126602670773857536765713480204971009380884939625540142457342384845491632960256790836920297419208668245680816968476632186516051724764303334203398744637481907350218979538487797240584846109000150336790617406277582591440810877978898487332810055912696417686372118494786285726665314541312220223593626571732252342946200325527676500690650333985641990191684461291185334140153764288639617360732146100557550290111784411220835340970048926995245221643071768180027589487335374729528684357607899383101029406059735928588857742059464788465643110841366220518685793904058610813748044205232815693889899895230151266906779057433257803264053141881582790826324942691965693730686033618554892542830034831134692870495760261676885998151983122465288732798271408834506130567869019978997735815316048305954136710440938144999261454081381380249935633029974994814637988044481104946638980028093770400758812470117270506070021729781500944858535947996021559993086144987052571492290876640499331535792462888844999289342334462942230483539387606653562919187775200270271419307300952016567237801097291923767295392780643175585295776667828312957285970432094325613336018950632176431621308237005822308755797549372832122463340896044913009925183182229476095135335245670605391308629806366755453885373108911626688130003843793774739121194476235465127659490230462144850387429942052313437551959535009180686608694303750122265119181706496775527019895220860155290804575443872013501505933792221012714700268088771783870821737857542270553191114235901686094369589476369758785033564773408758859565529608090996392558233946726865085359959838243002921560225117697700336882628338697437969923991448453527955731683571465655250534510574313438845398941022379970848133265411851081918562110375816165262210998301224919154644703446965591864248765566845379000854194575011307054554239913424421453773077671690056126295937051010376698099843953703591641068900152149701270143904915363697999686978078660953014314240517088822261129417266792824581377359486387292837546278986767901717192653610707568746100444460264060277763537396437747713178965966295018365797844912731584266431254945695484973199028394220275297042460710008624400272057816142522390143068908435011278163424463833494066792682066683267481747124422282679037961981274078323839534586682051594036333454308641607389317031758334966323022813745349064102662572977613885945288902085591679748982462651084326055561355324031101921774323918696001420267736642616329987233935258473394270455693125444243246129370558974299781281540885062819532389226679500205840041353308716808080335397024670823158600125350365296120603650477906419976168269597624352357408156972090077696534363846565761587827816645092034816555839122243665927703680565688528285374702642441005408292178830185270260629418078837313450360183391150423082725846922850170274395030574549548733921217461030258833343389425441658038077704765849483874227117561583880734659139093084976176264781266428324653758440273729204568109581793097341886662133974274018931647268645827648181751489823137682673699989822529609639930172307398750941820752063445697416777842329552521845899728669373821531006690081404477218168753737140380071626618374708829488967651212808442272489748210134348973682097385406759333236861452413875548627709964938151660751567711810736716057935664519552230569388479456223554535750281904437758826583453529418775973642149692758847775323149694894218672048008698750911759082109441889806149720859549619410312666232305857173143591156839353711968101414139782477132090844067307234943072045013777818955370680435520746114549823809437962491433049877522688543087882754956922181389403399000740267614857011908409141706213111311855702521417992552978000626188707695261056364121818621799128129736054587253484745304000096473275086696063886021273392546551013281689328751963316970285593418064551218858310126830531577275166051660250174316627210841016618768904735417144214023666474882506642680599844445813707982905993184463858979178289833790556012201512021466456310773919238596495523101593484423869375700623000176238381476917936600453255905400517460235866922644424365755115709765172059245537970592391215738931132357409761659429279155634546658577747255792279463332857198259672175966209989074218076039568106686325836933864668866299546747749959972958639452984307700156202287558974682785917016864823838489418115384729026573373092604796279208967153128552374097487898395582058282550575970718841835964685613286349489821377252822351246541473834216113705588514327203022492189926400618479589091147832024110999629720851415330969935464316439827614046008486255144918980838720232926745454145464271001854697005912109949499177506061507834826160266551066242452888522367823168784770226871406163126785641274876348960832870846826282104811030137699238573601048455232645260897584726275215301162479962790110725085822747873515193609242578448604453115345035767480702926752911396028312118621819383833532393930369192427115973219986570491235018101997601138821755000310362709416782421086397358991491990953641816715284469513788754782798390295187511311789939002668758763995794294224859803225758758113207266857620822293863319463954049971455658790715102005566742773857794988161406929219404685189101013087113166736396006972603219483027258289871287382459790231538365950522049466676555018857277811235731212435578380427714244584030665783564160740964400263819280190991682847218249820940172048808117741092956063726970371279397080325134690440681660191497241431872892679325616827259250400420687651058293291129281370334410899139464096434667790699824779098786482438028860680434387229247796661739864068818005689098307670253587865413640878068609821216417535123765503369349276344374107497121343158611782862974087132111918499460075353583939011832766402652086269320022609621046057219836195318417016732753710149483134114972910946318558274364392926093294087195508290087451288659635678635240226830953327297914401908408876095612043770618900632048480918964452013885742551190500283762937104682694314314804259832743828811885636859751307816153199198859856932798126084700060161506630945406304220863029193483284239026022627813058167104363692882597792299146240627488324461351525504130168503752148734108097575002939827495242666059021141707459829335298749822894043901815220184566227809361133230088077364025039989843732660158489983223779296335424244663317939946789525374031090747214342951633418156367669966319760571820983928464799237223489030973539456184920276820136124617878919488396810007262742533512214789125884705882058196804051202651979167049477167105491850054381206332531187734470438111261007787113618897693870392408175206104572475586832880110502920845870366190452113556097572030907984958482120119706633641616670773235545501507498525065396237686232356656111555204320930556220526757352956615916640178403506483873560925867526442710800229082637006656047951518554505761283015967014852483573522410198622115868671031000954351735707822742861860051671986870068076555636015593231201117872181518953655554430350066064048349289382641780901164491699845776437955632192616299886182091004589965225287800453117598484425225904396714715812282329571067396125731365025094063289443659814460752884842239334776229357557906065811005997010667356165188854021656243014032997079800815587710210746273027264537503867137311572805244490066261156243299939883724025985362582965908813051996298714236581003626866099977049077723288909512200433503007339408772876484295715744369298581171575015988999251092181356278782615336019170296991226039666223521488304339648184411265185045316940904772492882149310317615451348674602074865275952476537656674200974187805821900049457761677255530691002366251114464300804785612950622231858347834853136935499193332003032809774714830945310233995832147818895747338396518952658027243968976614218974301392443354388480892939091745785407830985269803169336323497721574770523021611281912792708957998268937120155150826004676002926095383410405510976602067320828911481065079562525782614256204320825713967327686930667179200989530647131700522884740924721727793106575319559500243066080921771799850903720201626846910610939436343099711130564788968524266574532953773702803764248242378772410442980245021513849315655100585494299204634814801145429167567587466754929165204031175893041101423113866237562486406939896405197664238338132541218682030201744270715815934239929230062734198000323590423364663385232110134280053230674546313234256305894425463626156673535183177566419429884010639573389625234943920548732558577408764498245000444799521611473991133926794457922187027155812869141256566270195345278610895975397471502386477729532672470247350027990940454497327421296519446617016087754286328799200503973422074961258873091362086116764426252025569240832362626213264093823805176921506950680136700509704465088521391895607374624564673888885262476036884910418868157850049517430066976261967517307839475806731316719718753850233198591864441561567582788043803213740426165560358734702008749072127143969648813877996963410656615651535817710871937397774269800223716532206620005380291526144609443816164843136610633829125097939924973273356363622680744140377279872046537714473444264991061742977395650611681521939637659746309432331346907985689044695258193251421223020968628925704327640450014072637899280681089965886617363281001588130011466692969020046527121812050641798689800757875233413942057549542391927222445481550364543658909577433567590259315578870079120108833707297520892679662016384754743077335735670256520929263480883282157897229977743310045939484664070820505506709471149358945888680917823769981558516062728662716191146024960982521187647557202597986130944331083907166957589710739948679120438245020682467062835990947645503157570040729890842641633139310829168496418295632879879228046499593138823972599750010695168968155226328676166406610252386205936847352551271404548777671213902155916247023309113319019800921165499441135260129746691806326005182931256488870715803065578707682851188682326445315064060854236343456617661765320446387457174491300356338430918296069789489382702881954909899888648646367534376728033283351153139914333094097144679736766917388110289002169212308920682887492025789297468820606549035098023416222263600991115066125995141811437264796636805029930852586223142315500337282195914673556032701903335559183976271450323435511305062984909273312184645475623483092447982582503956051497922168495222428095762935556067489120314638398867176385482029640077361469526340819195936321974962244282591829640502973283473634173750757108107295134042290042124373317888184121040170979430362787823255366510920422357465108232483402811499982634414851129663802883047517372022882605583063452409755201616546705280178175114643426655309774461644667005391457655676823027435293853894577872415279507152301422619577949067512040655475452900108480224231020690560716468774659956334828186495436951184437025193298784204496991921025696802437101267917557302350345944282697279422006345168621246049604980864103227522927825549907599978968069351952676643342573220144196968159406429746043156434224270170215112940013455004348001119283109486545360239550706075095120723159453305547395860583287241064722318935009105154958933764342214238146411698897089161608200089185126407138099725178580311168290341428301413787014630123464049077924401697362104809971487795817600008202465273976704204119683867024939015138681667916144283042415630652140376474953761309103034734113257825663666071608224205445160690553374711956752087329864720095639072642362972691049355453678540285864112050071943410318308343134824504953625419589307883289413890737012719103020566780478566823675294756381583534992130331309357688885345593115420643914365138877812214325897191250793114800333952964298671901825857310634877921056931880023748600125177867272442316400645805937287987539748663101635801481629748442696200964875211673320016688710623430008137491030775351736057056931694917092695259298986789000921783359174905122872362178700959951945064124351652915129557087478440639661190976233932519250899732471691311387067053128174831118145403856706626738321530576600866579530549172917836635482974578120260779607820889917889272420273797604904250832666918103481709541583329132274278895746797634220560968042789708975717059279824475321324809318230780528005595508726323567110545976527819433213993556647147507052961599448881064896899983686866898502705776094808462686980338699670155703509613923454842710386567627337229201935259196200329723338908396761240864902498442569095615157785916634906403609197965805162913497202873384654947682898215583802859819920766809755183356673497376747649739491383539510920661545835141286074556303720233323276367810118790530427452666192731514046449252166587168336900214980534964931158671659526899280017896167665447155809424291022858326381276832817857613002485627820566903848803554635056882460330180044327212548787519763671052924580898057312190052448133987622177623891435391898172920031635671798364194806971144176089427015798393830635025302141308293429610169275834956418195105283741141059496007047381369677741405308388254784582567177107661966462492258414965908794742609457412582424010780955892292042539929865454276430028569930999331825367798993676591531219973722207887534703652157088157369585969606702651971462612804681450763633857464272118417293460547765301808684988992595504906510931306648315686522996596148612045286158301016765332840019446581038964174642704439699291297322181227325475250611973829755779307223655652810762977407715088896987397645571199311462524310960907686174753300067618959836489450035514159210711747626501565982296772800372879742166630400201107860634577914528672316296944386003656175633036821465849363756527745945926442504686762524036831707782909967172199705004242567491274494381162671799295569576162703592597508233243240676810440283369574283364787524899349727226264385479870751306753263889501530429658069101074509411186230727593799753629703710918261880019293647315699152593509975588215384331449230888714932543792708112687110574488458625386474815462454183917788464324533868757725075494967490178005032460740692695597092351928062275702641930361774232202148442017933699718680175680997359186076761962625751840987635852561267271802984362977705691669064934810580993204765835535722935615529154128244309290288068840113557161881306371723717593870605386920675288052118386490280223717247853292117675620994867095945287598370625903550838602271472384089260227034325337767126975509481445512648890382611243888940157205006694579122342167867807230483691877055402204784934972369703628019257202266530586023091121715015636691577646497358543807862730945902008162777352207114488962871950113679242513819156290188337722719735765152441855454797075015269703782598472840303388848643244997980844696699964307983038055057039039366937092223663412476077783736718300180405879434046055111162120818118304898675558891319993094179090928802218498128726355931911375990680993929685461340399721792762822996483183723134833214111083679604495479770661156270018486455751096417297604478494318977594311859545518613092420802536303247841042005364480567831274379280293070978562035170216141912564396357395730453167141866889153523624644370991330564596285880960389626115013374440297314052006503799374566028818532429351031089759106693853225225460465140019495053542610938847598970823025008556110859012541314379106359990736706282086913113117685812009940943104257363414999845444612484811539855641823539378585904834096447004031946937932044439187018958960546061856918683847773456585686090368197842868363109175662620237540675603944597895532490121063708299642076788077609460278450680370075435500447769892738288544867298049770620811600434187676997483724013165821375568092747398514870143310245024473145232720363071815839446753938537388367101543124288929985134067532369389722586678469554842532545992189342397885373762072366921682367163687342660133921927297021542535278985339390227075215200800240062105095772148880189766530374389318230802661810776477767490209440727269424313276151245565726028029325092219627925818695038426423873159377376045894497087155476350017732344206573816524891452707647586367055720306024159481119330499370756982141855855259409506175683533524556034317268285200392256442422122047258215897581811510581370832877123608548677949915394292170277500175219504879604211372603222602856780155980227535046255662109175439646982830742401037611710775741342267904716582884675396027189496982627520790703984854192487749542407404469559080244607890183314359306868731672579956393574712621242429357096963381958846315101882877968019489621825886552941212402285523806569157015924444958224292489379340636146020119186459711397708565746713139683900177927855058249597217375726814971451925331035233059444432479744891409508363622953143115919765164907670079316223388138633849728458100343307452586140148767963986539213461138654748192858103987671711150640784748278356387026960739589850541548646800832168647173228029066760658415991118467390866448736224655680438597610353718922904525638127163245386678676007351581122241421527414913284556389572311859161955177835944222605787845597980131327539186163029366287329930323573382906543290389091418356334141822247841737207260820968598320522170721559264864080647371006013224317845960215208544625824096657232125797239270892346038713337159827212464318005263043167463043032368450040517716334846618444061841817977994380013042888637101011017976065488555059649483740117519410046239987275552063524459480442830313551245756470521556418319455695747043583073194621866991247358693272416885418527757670708402115782499587791865781240993143501313461644161619249067083447054319778844927068104630954495369517778944781420601820893395653815889269612838406193929860778940534601227927931659742366141310664204317791976504112022598038206341533634701700761012900306480752265470199886847287557650844158879779140480827824152098241792974015251708981740831228129138592353146208819982235020266101502775211802784177734252164462169534219583466538785953530680505794787139586938798374869116073690682472363814188800418626911915527580849622939262609132487162361026481196416453046567609123500834976975826522504656123973898647901595596354212971275012389272388699998511522746184055328840623889192942828599487904919273126044000264336735457560363976644325177407792004564873629587246040214973977824000792324071614967060392563219463840602094702788513780092287847763594853289429995864962967760848398856441131615079080531126994970699900885178089354903607988903298072343224410152678677609277064337545006109941473760248174674133065546142673374088515260034091269343950800631263820823845403443215708408900660101204194339895606843748335638411419245262295280365259031550503468999288045688339132237868343981161209873129131339828524185715005370130868156602654885558768537450483040907958919717036842904573792396380265926931156873053752170991988420939449216925619109129248911573401227646910634096497673827099631762212095330052289860139777746105151384645453343170873032914111734057506695314225729090886972793669206170515946659292488539656471192757777100509793738797608528882731483916566327678266661356394605844908555211293532056554252732845445705911586395142708692283485872253119195450783275826291298325024336368114807564389598100472300418410770611407327769496321469467391932401522399935439368835126867398611934279386712076950336119130677057312326779893733671716472906653570750942403653405960109597075167745623487044300860112244341706321516894617282851558426017378165324034892001621661858264742205586154588295021995464002698805481128212735809595838596835653647400162707353116444236108373456802931001719859967255270893196861441228767053245357268332254015802387150063114157502769611145921837523796995368761403484404318826511331554230004987210327015787639987716444322943802588880061452924799321760217318188267888455344386279961522236398940395814809932534959958679119592011222305532461151285563444614282328087797603605296252137271573009922909736104791617124893237943011971884291678705198911675311113397897162126382104501192505606770687771878854657957900563306418381088502028606472396551848400904104580154383352794019689781580120591350362860866614892300796147268118476292300772449590253311289625456304720297950818770441978367788493479763384242685909939469730701459846763253699042223314992829491691243970239937931766046442439912607127997615653900783990904712975751012694075012776337203322986044416251083574930634918276586730916477589775794652444623873625658960438577328735134168983202800982215314173624550633395489764774912688774611869312869521621459498826409243787307727045152335570662542587704164719089715780741060186702415901368889516628944655210591461815721932948119105073692329550023205011321489421453569440736702880023221486044045252970429104485512054590182072472261037003626740489749178521652443348688733946647480291604067235322670058760576857817377956455205413345319922947757834330339636367681403368096691944689021013793727036425812545954681429979331240869162479180880609839154746633644963904154229706504327181459908828703931298607512825479007833844403028832040359472033962410052065431510696807761292713516442205976266345584017215917733658416585816055594330276720474448979429732480924488582176797460710828410094405789217892672473692560991016991765110385796568094715404832793600530255593388283428698703869435801945326698466149874656013148617829614232590662965724740073903939524372708544293711675652605082538071788959830408945966541287957514964701175461153959033372590583164151768617513759797797873035289771203614636006853999484047532322685794578417320234675887221298075192942453744105879687695103301825756975066112527469297378040240741548825426113773129832218527401216938542740314560723779444463726239075724028468460372763367711718971632484021789923609393533711933021017656632336718334502419005942194454456556982556270433409571036532649897412322575232744866900960339000850498342267064740998790636850616526295472215523205276221168556017222570880258051721629584384921057568953797673239823012103417919959490125670036345935205261471667802912679067818557829763737634823553169797381333995458694870948878249054534146094844863292393675900754715948590180354076100375915758113617009062270275729115159839015750732698666806813348485627815961633017208717081146018019332467020633557955226051313768043290683867171036904576220530504665415522898734092655716664402507963226704186227762966299405778993776617536226426980002338713210121791037629452332761347830154741571156117665832348130551548096631106420442590180681545224201415540086907262199862729113189687664655619252497461854418673134348996219740122759739960835145280915158982822701994645924318726741388200815239400629624974781332553563797433378608868528401528742910394531290237894734210257851392824853714914818325786080187360566512251002168426803423039398362170283110780086750502321463459454182499565321305512588715196062501606221066497334668705018717530232410813533055616010671247552798369977958019354935924259452763959096701398357989900953116150018972727731281850467238677336235607232811857441602455966026282293610263756437056140573817247515937679064352483848580283731799854835413147801904012845461191028554537039323624633202352815838442584434922092209544763845915634466923631160035385456513217301703454161921220746915985282685512286584859919998676187414159154443654606483150998750169123464060131394185197150207456698494947237229222610885432812556948471689828155142658888121835404544665661291817425808592597418440244782659454561096354757690037081341162343331317128297909554466524391803944340806950635348144136454816125765502435977399443191910549419534273946451270452467886486213539830615896535211898482999010733598759149140159544228018838444260239384338121165819760694335366037946769863775542837720269327546675696416299801675758579077639988990036685998551000467702609433522966429084713376036254063544517781246774742513235037176988430437631792854144229643681446517937452568064383273085094490601986492136184292685002671723637309685019738217134308256973085437666871906086186219147086615649053712791556653330475958459155017905258764215305801036714800858566426779224690431300062939241812477345402433737374813363335774942636008448233417217762504931545518966790444160277015182783766712219970473314681145500892870878850175611196128444262758505687602718039465263813407926383112735418738197394062396140611350384385987405127034713604421875721283991301246312684739060492301736285710792941593460490304868357875923892793525862643416928350004945829776460336376354275668490834920410405626056402713910678688718984119347440699241335156907420264279929870617786667618896162056704762438324666936672548814230555998009675435113188857233316528050086232918636643600928041724403993874909428683013791465945052290200751934795016019430828913476338322196736995465296107233442743692697593649924048345592383270584355192852648366250832031442028671637761448221741530100370192606398264101547282918288374237544125028510517559635647572260848356165316071351631932091469489561818918575467852745801281288090456867468145272390774262442363075483692025905758340910292447423141481115477623094254021778034387455076499425001024783613250060132747718179849251912469904506119020229289607391880741225279877724343335202320878615319004785103540308607131833042427557919717549803849267306330000951824580266906275871190634905301161595379997256418291961690824384660210019728665768564090409968833415338525838712435744404239374822173574924964704684227421263061370729545046576076476914084815336092868236864303995400127522852091645827200235498331787316206975438706449631197345924988657406715397033774281854789205000731176944559330919955975403392473012167208275350452442235834710211998371507830595619908777171904770931773184399751586097159994166953386808534498451634299939918900765842186669066025664735675962338286516958078057346776771192639092358074837829247439865407319478850940704338240537743029130535948255338251287753885959521838936659701147485416746431640715664396169989000896765770270762216860073356121603125721707659421791055530218800534012983632383880737525598220968411991230350033398181356145748997010356073543472788693277878240024679624163389123443982405644383196661631177308320398443670738529621766584018344868963724146826781621170467455934737693565593665732183758677601476100487288695467413004555456777235577093569143061038562683921950659550295731925700584334856365191146035341054928353821177987279498197792229874057340815376115947644397800699372406111491446139721903071511680371083387654964530871801699680417918462930835617759904055651699200955758083156744755581956775427280274718224104261283653970175921324711504560857034214675071445474520225537458095029145695355261621307315489568975478580272834234188576142216285135906956009119269427914809735988684194454602377208087043138915049267869906008395169782894857665742669721438772355491810444196675409714761096507916152422218214285513321376934568173713722349629543815943867930230477086163817251432398825539304337069930351722277335241926858089938950231421364023497953929225453157476505679684017235926806605610593913657860448495149944598961928926270089032160662097519961901026501111330335640906491285255633533921770148367997281339105364937874472790502939004470634233738550382962265979628304187192155926969756096098957676436733947222399415560437255983630730560079612286339422182740729951612149506008924995302242734383541864659988918898338092321095745587805152500684086820560755275110552076909728092151747831241882159555709002782168984039128161762676618145883642934404233645744032881515865405744789762344880062523970540342881420244410285186618360193136414734315652227345887962037348404633920133797025326389531904645452055130209545656444348433295807623171220507426136324947849905630243948097007763088928477233747179131551681458311207689149332239966894333928898951103683758545465078885279289749982259346969727195801791795107126385103076079449677123140225275818706832695771467058877203265729667352142515265546569077401629235376064633693807171393941461305250888910364074594101638982767383658184759557687576179612738777229038389077389845201633740106134347836475910034035224734902421553806818819069545423464487114682204490110113252390339117967824692059363814275779684671437019673078910059588166221713034900741947658772864569228658994320480531882416408388720863671098068345377331763069833171822876953229726826993752137205672445589258461977602122673329272837750361220542487781653085150357814314749765074880051878274565637785886590538972090896369840630108091191445214075457456488414257475261227755715117073664915811720380178670544013531696393347224012768365219221871980507498306697162606832901031140482832140871804010900260625012884406169629458369727462729669956456001773105849253550992608374169809170277356051420601833402577182186586048777438579169101780431474878728484004106039345732564817759943883057283634631392169007740699829363976052155757309802728242671060888839575961909834219084420007621849157950247751421875847356185561237534358305533967158856326307074617914563539555218231711281904196570462193597069547529685725443658479369213932785346249955733634454048107768976691516721537845436861569283382368724639728101616970755960216176017014226585588908242599006937880750460177202055209777705817240130509945726557686267085249753226241091479200991000702527653082456959841860760034115551203506590929988042021313634212542443490819813647472818913825771773103193577166455178521242304392320623264052474729211301279617944264527350646812075028888401179882615868711030592950354087364253816399829021520305323375109788049308553184731770754703884124825470880064066036740751264791551434961924655832347801345682355372230328517223409296326557059646929355238570545735741450383579634123985146817134857562464994213797241959974812942937433291334920587416903891887847545162336785282841567364237337880594021908449312886138119092460689536126791677291165251560018010682297918243936440714663983669244326813861518953838731399526755586691364615386179058551622314373958871975946614551139938990154551498538155471278048991707628245872567797512093793725257007197778781097186572810345611074140891386463941456266041990129403309446968358984961265610648016222414042416777690803788872004283376869919940586578237674450312374111517994146182110797729829862587489178305035760779025846270201664959071416772335383281239381868818493997381705119151534948334872548241137451307961317566645584884329601424685334859689578680210592850840369057949619250614476097810689361885013936335539900333749376778404798019784312089745652275952871929684959022052492158992843081635786331813898512031328946768476039665650569494664893920044550320456309443979792227198941547286227651909903000139606415479631267609708585330850133481827029551526582079487382232211797156495174554228932225033924076884068506071560077006577888846595211794517981509662397687792949678246917550471774120036612455844871900485128221245880367050778752575951475427752847325168753384213453610303418362021691508533006143408589677474684757521977925114632018763111704063009179978252237306433076213513453658018103446781277775048723378631713517873057727938946975622459121851899368793612024046411796524745373447910261093567530677468825443680920808690728566342042887780792323235989028704635127915084742353150006053212067671590179533270099560013219603436268970386309990235084715990615809195502472013015125564033790518057042405348588849376309646398529930839996361485547203941016468563131880046055066862230086895041923130258193518871257106159719439119740326214415681399594455477527890433419521006964343360841121961947926151785570390484257193986430793130260906968426525868260253924092472285142675153122238665592812296950887244939918121666704566062607971442882299452792059562562003432874846140573254038459584644993382527764643118205434130718030221458108768243165368425422527654990211860214720591883423449856546393096439853114944590911160801863313578780749510713864682351862707735556868761679207473889562224366777174295365165590010187525356569736098206135847648221562022268674895187484741386842504665421304084032895199705097827828640269269747085620286091335734232685372053136283203053532319007219380314683705206959157547823066873592125843497647841186915735456805947031617967005209277315599922356127412116065216186558354966586797933599291770714696667892397111763461491128645766830074819398387306089373475963146199528853595226121709687137929312795344276006157362295897895314396779967720618002800528204258918143650404587326956435550713007521493286166306589958697470185827810330491310269990779718276163474779497503101530333719332998195878288142083455676128246492126773525598738514199403260431933485391698284879731742340294911334390520985377876463678115261125101851021846666307134414345924187598469016556170011831410871672411001420322102171935485059773891736913341090785711975874944500715962771812227855378134481752971969425097074254471658160663631610069198859140884718531110641081392686762639083657553207731864287530843858308012278772725210975736870046317129280868247697055452148745994354654296208426612474835563113679323191746732167195781877723114601462042795327728931959715797093209288641000977515147483915256709269990768449240193933898791365686022994991409973246592133499580885706361496841212366288917505620361023729431048836577779610761843358311757906412568815918505652159050202609521249345219991553889566310033576109239808198347563780446357556661598573131091343302405510367966107109653599868877006905454365992398081302962073752418230272146548192135641204863219493740695132248908586657637834670965339030519770026852764974977207757355563381267487578115362402170030308612388109229137171301418620911536026284512202850509826406224828161004340646800876560386062604597717441705928377922889658870020312267359786887744689415747027949767683210516236665835081306009026430511704213395140439304496392563126734814256606178224627113685517681430855113120956199261545759814255358398381556431857920193440332927739688983594155417764199632976422173149737663183472493955489255705836252793371572730830650092330316113609553027613545557760762091202477064480043440796153396271420978049641040371584843152391932826354118904478771956211783619052229750764961628613922206821144607834054018871501470176961766744537867734348198396649929022922217847838349192212723261698450344995864101871241419120286076398245960383838096501822219858064731749952866815197554943508059691769710772434681502583035643659933932745878636544142743869057936080005820252242338563401726745696825534926659823213756984239285892975708957888822727471043153680127380439419232188106615835098926506344747527298341062734123458297416601647546715179941476643618128239363436933359708118654956037372344535325701122011517549900267405270636681233818303902471210007581894572706197200527111215101042140201704675556273241667638338548211851132605059687933404224721626287071347465682385988424843537676246690816799511756581550919970841315255961367260320238281817605640396231000254649043646945620865051550116770476837048640057703513647818858869803405191772642749910594769282907692664738055061674824938599878040540687700026439582810483727541532469325520016665042758586774653208310319713241868180431708018452852162921333623737098807631416583082862365440574984755006025546584133827749441343905202544235414322644113503201933285379914397266127849940704720996035638843511764498657972963190950772589003778117418278338068891747724924332501141091829457585417033550689391276950141869680752038121712979069997188669267313574592559813023843796556624899085824823916589837208373960002119292624809357202091330582104303660854915991092597431225981198333111393868265144567282635105918461277492551651955294120065229054338992704817534666427442840834506296838828168121402294757368163098331704694359570199185432190316858617487790135274814964117495064159083690338661396168714070489411748740825618506530775080489439037441542241328653013940647860454993619069795183413430787739286500512477584694723607594634956719891242924649648599462141483897861076385494555004575645534117736553961122244409641016827596483675074519591336769548177496976901580825660418514714182824467026488121049109863993829184716124242645860724728015477539855892925543363134573200847840251846662715369771343403719599673849279063864131926716335243813988398582593112674628048035468824524498001207752052023898002801973285658106724018130182300787074890998328753272427501527427407084020381402920027685582610167522469309873710246283250599111743917396189047806992842073744689553248331918255324532884296765477334592662655709669639321620868146661763857793806430066963049819649578938896796112715459394265734553588505136614265027882438301600696289818242049287642884975827496147276791901017907203092671684096694413854183886334428486534217325412121733603166876880600328970585218870583290124282401518766396276170247221179698622008437240147327322833828064620899407803722090644692555026808024636246479040887269523555464860923773479933416712227558603169613273064191092403380539298731455646376344703998886451084840823265935590454225843800792454881739710823332702424463551396364189642541590304136974585090466816606548452331858792330515737146561346982212768244070515337484393568006140018996213066611207625016287802257404992537473765758085119496527879658482057558847615150437055736204545789369114785169278862266449863966083709767353004918821402483876938991723271045461112248351669280803011477279612939620678992632573095018418908738505873779036094103820256362593360426987347311961163280978580830617781404158131020675071573489781846333835611048666976622059667547036098852089339079628222397814413241597417776164634237651960394904869724966812968844063224792753152457950669036734383402138941927524421009594048664119783095869815342500296411191680636614283331893416370079300945177448498308132592975635865336365129561514292013855745883764237343364530481340528591746308378916926690149902384456332216561923936559293499475373737944655141798081093087689396978995855593081136819004730147091191763453225360796033871999346080356851321397898840744484598089077376812029782774790161927879839951972250115645230419582377234738528796478260564150596657629212057025445517158547412634167130944737827187777132560802779221390674687830004956150281084302922611344070707657719477456911606455431175173389799191335208868848835328508047702934119529427000366991599060092605069541690221806865528652633035451769929184275288683063942391840017753603528527535492528056613101712288000599328059758086603220699723809061825846543173216836571630143348534174102112567774249826704142075468291469334783303813030674042701791048293000109139508126122008300942397630768531534686939795178222566325159057948265858630791875663592663724469173260248910807185778325004003143194941621295969386165177374136428654921290114867870479890556728509409271033149662183790119248781297118373982700477285635524966868944617637826344968587732919477528964167427026489999195248554121985305982391600873350332259442464074222750779512878857453339007048923558156450905033386517204731878674130331597135221148880269900562450489163426979367527315686738315503849906712038986630594974294761475151475706091785910019543926210310444755541616190542042833518816745856894261465859351238581413005282964229514235093794449218752722478850285199406523662793129396201587128359506684488376594665417484187845048706667050709500417831077297965888403536592692797188948896068286705222324703963361208412073457336406232857731381162594674164732378209968895385270570361306229568166779923408286081817249138227696253680363548317472811684462748954542760850180424176818226959534882251600011994500462043656801650250668886656458982339018595663832572033450434013002417566072486082164193072888561261936896025177170213962069961040488624040298698033018050579712278772125302294026997930726554857324097309572430469603898835779281459061269585559439023999849922813303247787992272373501091379065449405392539594738720256072641979333389179647109999192080749880124094023048297710490343064762101507507007763808700698327336934613436907507066304333853660284973025637926873558721410013624735480950739181856549002039069351929524473293240470519781201754054543874908102671400074599522080651588755169979184495167804086752838584210214239488439215508970195504281795036396988491676685174712919563792570177218354413594092537666305952982021821086117498658037281236375673693228231112390967940016057671712528671186625835934237241060853735525182723451310699440700111699155397357011180620766502551175879801188622163100210374810153923397943931351921466758758564866136000341260863589922156451099229601376779247751487989430488825058818658708313215021818036991813241830422773541448802193123505043788934775824246744497577994305930961539715333057942959794714435559100589167799265357723040853119427060277539466822057118721302420660678669885362461160398070730631429411569988477836085529087591802557107116491206576432476551166062545757233045143269156104849745606143916602336458518736364125943722232523142852760254160394572931557985117379471378889814127615611887014256470738391371574148750763724041332709373233412526163014984374970888003115836108931303310677500297153400244592133556145652181255873916044217362420092775125049962451854694764138753175739707131406908261404700015530518605475054819739509444398957790633418735076351427276498720362464180543160876968953152043412849863710045781788126562703528368290639174556581233120007084036497135982368089981643327221680518487538978521744054482092142593473610248800700206916452997685940547386068846397713604788780462561588514629181387161728165473744044706072446722835291678492827081820618821845341555812190752629748080864371980721490572725518666860787226916406219534385840667160173478715363861321684743243915793728250262736150295264405823961219514383006884389973826124187642784086662780598879521839665263604902610182722415029448193423640301285352496062972003625401629453177940530688872152287006549437883243086850766846912834366592741170728791951563516028278703536562870351615333536916975107535774427131062795060922125887421810863891464085561178325096023626414885499973779098029887552483054700206824612561935692077137365860254977842686586972538301953029230502722945228851002816440548028779477199635089378644738562713810204451342071851023011756031966514336933314632311186253544060967753158489619765209590677625120942659607559620275628674321592890966769345381770298403424654043215193909129956110581702680459619341149922179507459256277945738850998471373044791468022301460720569958178147785846223481237245993006933311330667364490962054951041596270262837981805422294783202846202696090024953014144737592037894907062330087539723753754717341525441183708232631558497107145776622775889492696883738119833947255142792390950944302854392115809516675889186996733786422363852827181858010140703329780882524033489570259724953981702854752462392086480190113062104717763775907030433205052372146981887613178946772353902638039689273735884511453148123188878638501804956417502455466845725212769668365905066360266553792272449549480474774139373880877871412111611154418509499835210848956031959048619886621238638064829301485876154074339760490704937984279229660437363851937869068777364084573121993621479913509273889698240518642764844605972052350885478233606449358762590998845351855588812862644946141091083131025285883533051228703580187319131136314063615918595706356046775041022488720987301723490155836426352844291073519930698232407799389465747597387901915489555102129140785661727310253219328335335972269167318816650513444695708115458971826209617003957596364797821448220396651191368123889222333653440280984755468428998272986784908274026948767112432843971847157363730934077246089078431117864681827312690859025836602334167108152213513306931887738409458940667886210670005576961335509523095451948833952934822489878380888021516623787070583693540437735129600592285211677956953098885703101063684664340807571719263001771385646622970668658367340682516497952739987468840501059293248845079679263023505899943800074637254000411954838658247127057024326198240268794201892393916753362509844262040668171061937916075493340139513838766425945500215099869858021800847562125669574948541343728992017900736406404542658843078641832013009642532613748852526024193799109600525269170246294189261792557616764364247062213849957939018160635201083706308396498878668787313851568020237762677548583660304136984686143450606013108085883548562311863468411498008133008918462929771986871954853806865070782495181322636095165690576871134533785350184287262599591377018764977418656445689772090301973874143787264696262439831124632012521224683684063761388790801669481946556678416486282264053645836737124434116630425708917482667599777271082841789573148994519138484762487378817048410740578520911479863464513867076788594567449550818743408078046766753516164334305162169386107419059549349623269193285983685651712436226688004467078057455180550982648498909885671009919431936344209114554601822591150498648341053620224850842886011129504864112677687120663309063152990104904499006466619634686698665736875520214366564868920816300310872424394699205085716593072484294851060866062113893243199566393481167338831908213877179358063907579227533137038816812029559108939564505954804837795908306597373614218173023962070180809134221298506207512708713736765406750892516710189953263430998878725460146173689119333503449099026583411495384424204095680682205274470907999922958818892363170459220184990246955114958878631865133656881323778159175620408811602774845784018068728374442279610131289478615647660845789223670737448920378359218657328013380889621331854115414728990573430036598604722439068405479867118509169753995768806497950413530898334235603557575110120494322093964352618712304114646066863211167086630290646502726696862290950841472763244340378407104239991620663218613347056624461377545562366376551370972722454829457807963498386840947865192898947943563269020698021536692798898744973165283459348167614500463418307257501467455478324292814672019569337806718780342009572847389513814432969623141540836987495658111446286273340614954193606223332542773904082726393548340070603712741811280804321038905559860519465433816274222956373635559483041066571854629988564414976839869914110480759886199535218410477947780011630712660122133932023370596308296752780180707332339683375543025723536329465659597962738649039479300329894992554411022613799143431114473929428188648542356106179772766340357884238305442477390918690650386506268527819942430414979890108922002158209721164395380019393625794304983938837548940811211073981234274892240992191726760290836281705416611969104336737982660754070743210962197925474004756938962656634745762399090053268931436977935522373320025769845504621961076805051088608916456574714799557438891092743559725692436161111001339183730730060401363989120522466387051669032486702803698860546093888207328861392458558292379485027016818991709162031106110516921397537723377035030954697195792930767762367920625761839164803113410048250261864463033262165111287307156851267596080303032442466990988038375374822289493677874547617349183590053055004608816037378747155092073100498765635491184688663885999280988818795282486257135722842654551940099275784936113871582933534804763523529258131306637287666572970536022279450932048870231413480776952202590355900133813427016266842944124810590644541542736130809602091444523191119437146858393148540025956040884190493403823821247270808558501909148488593694356780515697720319363161756177939177463927025145356171567881758866951124749607880589992543989742069113322690020631607777613349053141645757090379647406394066212203762313488084529432061553321368000433780233129450976109884285000451452237234268507277272906120284868643226941794807380716690479334896991750326132621265380941993595512940790439069105368133098702796378838590518144975909509132115582071085493564742984599438627165917953281156514657579748634753652076639921055945842045014627521752414454298128852455729426511284976542071956733928731632950183779403950065739905832667456194226845611457559377993935996638787884737651571520395898189439109139721670605251189663020885272614352591302338212048002586530572833386199319341000186731428989587260659808505793503943457009879497871902920931317735712811033802440113488923039826396640585783654609299065349615427326803346937562631696806986431749201714558884168739889460864156406203565968953062831415738451520698290831662042135960793449375998887146629183506847870185182873095997821720502531057422391822830008792914407851639789293723518739649860785994692812141058516749728451660219371824109920600968025134439672261413066764236514375033251652623784309673460154758451297890386994748582956696595382385980675832292250296637341827320498828210640167326602399020101903066486940130957132576944529817536737027009381118700237928192691234443623191658855893967564774645496018002193506483658455817373365794830247745678819982562234000377742519863226220775508771444790386768904105463770808357180742429014630140570326525230292386649730200397044329638172501783258690449735384027949092088748821006737074488160347357930539020660268817316041885184893540757327239348273768882071707309147695939605171403553097944402372452832045153147304126100750652997979497184953293719682989934787866048580907416874380250167096748676894160511208397551308369641744643856359779430652157623565123954056113082868435427831915495130794899788038415327889884722020589575541715564230464475196016508538009957336714604733027062293673363437651561427055769131468404821991700544050636968286779613972597377188972577096341534767237592886427663966577327206567878254973200007352542176399246014477614696153326322517460061687355282350608809381426602094813652457856861657585120132669395938377696088344362112230838209736707830411377808403197679741355010063702510219109295757699897093799828174845522435465818090038657780404741910778380147229563533681098880016063742139286536543070089036808766799245979700626969797186799935478754125676242725387409161468099760404883093325637374781911363590186728107808150708986528893317557115511854494629310812111462373821190757646482488929626421499271340769698005760729238164255324518760220567130937735714938916538366789805608939220172548062443723741651262103728031219405045759434738320412143493892294285474871721294682315512467570750119661291447247891962949567847311698793999257614678373244826781948693265555196905676891324316468744780545686646169471091598808058819260675271608240218125072605839740610035215907202146429705589103257446642951368759996158276281068193886129520384042489183379982800941661052453338933894817746830319579118016557405762298862518730923543644878865366210719873824081957081354712503739287603558985820223029935563533249964060866180494755695233243724362939456233543990373055380160191152007646593978667301779997198510032740630619582983583803537854716528457665968122013455095541631612864733952134328811813443473894021686582669795396460596254057908098907044250001962096826825937654613144147217452722245618827237456248674364334921770592714665172406463911673907634704510755129587058658394865407263777527640486772411379964003479835316843706986643503954217503886660819600121003292338536358883492109113881836797955206781617761546627824107282841590069577585692049863419259490397558698698578432123002143607995532704714987122111583795941842839679766229533298708788333095582940641876448876354545109462425001769599572795491873936832904660621935871249682621053092057321647465313543691152308113681550944681040447179121101324943455289382596665858038183903084767455288484145741418129572451983229096630839605236493578962130094739736862287693903918876335016748001871884930243845161363860614925342968233632138588424461094367244719906035703275485517514687237992068486359711131528185736380426670221017583581250320081405858400180719984497329184281613260099238639402583148989843730317755622616962981711272284175934711825146718801246044303814843745096959897108869954123272821007753407968525405602146515130899883547704876179342630297282892515530924754262521645272536205250251417312786711980057982779536601289473625994011831636023419316138164511660582444312781471102431691434165597411373059875710998472352282497540025559882629606551966755701219027015144430479943134652926280599500325275571085268608574199032860788823162454029798625238604919012535469818851364021543884368620740122300491126257334418208918941924679267706135591598350224146524457352685952885466984912491887771519737393715543263463475406911291755781432935319255011113333094639934877098335694843973209512292087324158559178979312979436176481281157177862561011030461130694725584495738614887848851682681457947368504982607381039869174039780873067580577621631067913680020328900057887863463539217698915941140027430704844489370296974513766598668022280770477085331578093900531535461326621833140838392313745682721715404559822925161267350951497934729349489842058318195149639442660157384471974323468899694149579393402887017422885444887717789080666661264763275663351088629104247560318226810991692736513415620440724762906456634474557955399728192837341520539180224350775338699333699947733625516228145796226268653009822450286275445535096716169707190032017559740069184378069126245990611087230675863975119778496783953867052534300826592682517807956427489896890313984590983956895882265749261315675874885688952442251530839260343240291453165053763089075708070446958351632015456706870469772129675672007640768156745008561620286055817356585387914299083348470533543447753487057453277779485160653651724643381757630372989585044485133217726346728556765093560036110541946143319884703634181062331788466495794772731707163536439745426474968031967719974341985587380592671576133050862903904100451722203625664346421548364844494009066676932408437911922357103724578634640806534881979854308376037591645234549774082969281849281033788893836040142871222734931443215814270218049079372172909137687218663753891415016637685350386674149654778520163683056991926846317874143793127283578217676006787507474900495982917516466353134049320942331046338052352355702689110219115099138136517110941882231288073588770671710005529243370106395143374264188465761498170883960235883171761587443386297751456306425214280050956160687287869542890732483775271206726008451369786739344773571846594101887602043864471392321827933473824364803868250502161825913333502816617140289852337747220231773060771184325773765539301369668366651280665537734227348333428319184736701181528853905078477864439607815825640242481476827931096410995454469880859293014828670495569117999775405788313383296507766086619926283813094351758859371378785559696246941313738254302852750974173188980830380781162336869005623934245980447209983398780101255769296498641058307490324054598241802787723051434919754698295116403746585445725769301361273563026875976296181392557331321048377188183631393726606020216609387905350463975799051285967717130719167542391105788122718480746481589190135847159877673426224984372699076458648179261384551849771700377352685859725111317078682724910220574883532304702814265380292065634299415822433856442872024113420251270784978202030486537830949384010500543023250390448507104121677706205559682530216670622827435409785053315122390472388935814188127232732087214181158422160929318371162836426193858538760820324793932924070503570033932655582903289475765665269821582888070120196824753393894875474095530926615979111957338733128256133504511132081385635807669758327843583418687097850195705760242671103779067995904576675836574147239591128266081401795008764573660487093543821681832421615553642316952348219320586021268837651734478069155624223394729838207617368110802592430567446990714180266657485564544225506739879191642992592226653690929441518923902595469320843906493402784891019409023199897888633403858671190001529921357672236621278102458676019117158960259702157934364879140656825905480903130562007121385237640694625352001536373196724758086300476976137873456811874147093638934460284718593207593079978166482627241543232660749533930140006639778025599362360930725581740821791319383284168005543729634885232762027288743201124847379767309854214678530004016451104381739813181976201249722291228087375390099970495303762386281608003224742772277313248621850054447474986110446019093959834540367431771307205505685252813039246368010553829622902303718463020556177794986991714188328290452992575054911656512840956181449931044533686919239187657244434732527833841188169826730274058512171869972145904832943036442263086687851878197496321084202459765331976296194064523445479769862601476650693577698853696397100898582514773821467438986337743572452615411162186804696626471681407423625892614110809221063518433675083606916369548953854489733137093733525905436476487923813659234457060250484136198081214670280455206341727645310406278773027953121253158930822326262397436718997045231687759099334563297590808037402938634662852765070387574250284195036012557119432101898434557608933305467830503945899827452203215151685249101570840872651227155562538011188064800540030628067877860218717980341721983267733760020090059005883871141020445043943515004583388847799029933950093831275198852720256391348187883759046389713978000406829277852178222719261649278060232883895018978257014683510896944251029685932512671424241106723112022767884469195396628650444494638733205180139438620322728060337470994723406970149964563872988915206908980797727994245821944236230482749078556943665264522028847347575496013222982580624326496639260561423018940872919694471032746240612577014537255014022239109262100940513154449608594319046531231072571111046937050052494212483891786316159950685856013810149300797426776988555972980036274031242376309324732024575759182620581056790026392692127484593087431195743886516218920001947333522045072382900886631931719373248771845989317799471676186700656184025848194261884208387687416674280301370685998919223436918087821304121925878301732074460751763374333729576630502688395904004754358038821857446178729315544552158752399877414176643236080583761675461647766318994931781536626657823779917223203006602922360580750993472079321931961101754687052143997036731451792024546568202900675125750173951545109227229136588973439658587625063209242759240278818507238146155377398719097053105744495863109579884304003621101226008212163934475654637675706911175262885863020805403645782279301459736457552897172640838767703843447935007136878939113885487188597958252032181642732123354549713593985416828410301238041862554140992458031289060817853917273539032100387979101461420943331183576404439991912725529583695893944133915117343153237898367434728434829300368203386019219666243668524694507478936648574854272478140592471281395747893697679674341676314936462742881898100233828361687761031445000344769061576164085016780641212876068258763460029609867832598151686201930905602018336887394531830065553886794685904063508281132541161362587848384352671416584445271271689322723619280653206581464907324688751426688348181320491701478659522252877909902044560241520786339491287518011641850452935641591330310732946371065694593817539938766372940470954866382397006796851800790796889117594512448517398971785825310851630550235864571008827783209419432388831144549040232435146561865817302105810188427144784012366636269851027145405029541603280594347508734469797243814010579803333569908472764794485777554269279080924319129366929074836385415650183263012114056287109154704074109109720621662073699104672809104286270222446445728902685545436359996134438065701301316939551719256592831529911183357241267714403426474701432163543396018703977711188707832222798525441324443067314817494814794195823365431384395333372904977591137646648174237339591643390315806126179265214228986126109045148133011338217682880701644677618804948146936843853823953312436753222441736571929395256333420803039329494259810707267336562274737482170353898814182962898838882253783576406677655690153595604339530861802193614491339090458797371366420910377388485521291281596850864373471700974168423897654137075079556402997690928993198224826513796416889703866551369091333605629392332767684201100917617361721265847784229917469451184839711739114173587312548247150894683894773783573704553383559175210473660029784850223448313783591736798962394365452985834040366620129897835795676526297515149385996529830617595065824740664707152210134502288729617211744078933341252892141173594673323403821252533558276586191525467787189409508718673101024363958159188653482279986497346493909402755321256578115366288564962915151927060266883251735458717803932083518397814321066588404815300369885892406676178456511769190896543269360836604201933776483602952545897252111200479800065543679728485653429151012451572733453858059595322451311871211534376396825948133034675053139153025961324996375305669832546695142805268738978320687980218156901323196828212494075008889763516303349690208023863956628382233990966718521924157075718213066750207966808954621140443969849438377770008039929599449832442425872190351780597326920437904789940878789663849366392302338046598731031099353481724723952120861609846401527538997089461982821922660644508037263193368993970607947358561450780589394849087633491710803218226778112787900005388948648475185989423227984697376719771411494078941574448045353389272828493146641551458759104945203170887994946956948677900310228021976792187893030375297356453663708510851016048136715836200912070823054214924366602141433713574369500056258004162512247931911963166142359564352961564936858141957712259776317892080032401727607350606635097219414483769667978373720846829592223304898921500533022002420691250018836315897586672414828838820025934923852164454834193683116802433272578227734965789646424095142708256934313460271971703560137363734810658546256602208673964709354080388339464825692442446648326640863903552543654008279697445749518823898110410929593859575056731914367571335300119274278870647659340592918625429943494751552894606680054307126829202251341377860030916359794906836075947824286884118223973568286431368807144820832849571968829967852138514018741352009361168165344355579193012268175500192042593309597365565539026045176740074005976730822285309665252537950824854157006496996242457664791627380200503546514141896244748213788227381872380202902934777574863134203585778494301552239134152372314479224191412377801520036429644012666750348452853553197319892091370374488584907819677671439589280336880255432049475446044742414738164599441124039026674246259401388919511232707106452318369339826962553560528813936345438638721221177784775259974423173467849493302870886812481777991083510251282101881047908959852605886808820192600934696474861894646163605090307109047069866861252035207880973504289794170179873226681136443819590496473335915117894520861256894817888287222936754117481726063867914129679523457785098145460970293317316295618978771678420060672305424843880294075177333877722158223390708090105809299690514192482404536303558852525714297595416737998730782865286225701572382043423636291284133030118713828300959887115640013144870414149949299708176267283246557473086560837905448297386534665632102123577851669938358675950121600455151439650069713046327654964459219205154407176052718610538929117723367774996059773892450716136654698047577842497197789496344636051829233622478660938170820235257939119773620628082074184836630110172247603346857772522093971764337641066518408225959061596207115685427880712420507933960702356258977402523840187699535557716236441264185781944382494320898177385509010934360157485229420095954769119983444363579812184146403194496971581668976839862314926541848891594107351537220047627909546045603061146762873175383445541034606088357126312068263300759775728692631866308440512627642675373959959650463343273956786878287210029245901392365992551371862640879346069351128436286858906849428385951857071685218666065638036616250172081162067725694958847609058957671525437170958200011138147584746133507925689130007708642775940206760371255532512485880341613559970688396850565358976801424822371667185748066899052044644405964272197732584324900140632941004332874280611185036489548881506273961919904686887292546125571330134094852183331289917514623619181038343558721289142040702488585823827742148259986002303064454891068359793573715819087610850369261584015881496027828280087846245530743801154159629728006103371147039994471979544675826325557223090738348249686218471536616275319376281514754729861748668633675217711286096215913865153352074786084035789951385506661873495659052206778634147642039215948149209280974885078245751437332434119667285815054605361498533797075836358554729727515143516355265805670782832013519131244970882653640034298895035438330376872676484408668916125148056845311975438596843855069723150285397041778663092152310204378781247622540075731480913311664337311824505025942614804714052435515676216778735585905978319680988472969414489284472283053172139642208865271300697485372986086438334154872520211138412563284241345618031347619260362476903423862973445050925322233933186812859023476096626603302191953584736934127166760507138379475453799603746457432644913665706145032718695910769201702549486407728962149469962304373296462975775634185893059798765945690358171461878863421976701281699109842984173790955341771664258661140484314858320498799380251012170708575191351650004833833384228304974297187975671519506500658147305069946504284337259104164896497599269628241701903077512790188463732926817373327220831261675175072077322801394019055043641410252197976830188250123848383402002971183542306106721244526665851020579122117162720539563901801714863699328884209295355162433200759272049220890949589678420647325999675461175414231318123296528552309099095066060221094066581663906855712153750162021442890250726496917698552536609786763894751129708665921458976388154812134775436642995368008630561418376390462064815705533878301741239106876358922031415759268232596701508796263908280375785678568787661638469137651637808798356384898888859878874235533552726033428413558501217782540822717971677479555903430317753758153218310657652670278904218482084138811973760160644764093596674204694131716024889247799614416757212373947310371798956872102802950731155443202582404224731900900468487587913746457412688829674117859419375044484190948689867570278865392007897252317218398713927808122512011440114092124581254000337477696535505632554212426752797612915218021614622287529899718929986901637427766393985640829137349685591596626218064893205871551474387722525035925387063249592717075211236918283547774561410224538693745585664761641046432897315558486327946771415287021579339480710730482160238923866894251104701467870716256990938920082436507342565137771938712966757922712054657512606622638900945377500614485346010230470102774924115905192117407378368663323084945817624944841325869946096726268561999259842900420757405075186027186712123211464711535929707201802244592080996756661338632815183424990775273268012207324557325048137444532316853523789603785762639125798755415582422725322468119906472636343600109941192364683867302016915427157195990878402535876333752137599749052845527044869585747158054983714204206542622431709049410051083042595225602073158154303208938478117716274117043400903905976242266165412852579415309474414008848297742159387954034912854538198467674873340137618543601476953057122761452939527661236537499327939225180582855178691424420755407812740868779019077974428651228563144195131212929987147576641379298700046351578261093615964941968901890618355759210427631198810229158794394629373279890864050598517939224905955656496302240064704634005549996683873690908178104652188552539128872791514237660020122754052617137011260038702016321580526240134360213275667937392689810963963350890644300921520397002212717314481554481960546803776196113171449566819215182316829907985443664058634328109857167484506587665554315471344602766266151616011909651190626415055493752048856479877615692742328728564039288786661846815008659126867383774120028854115105406231699416359435180625832137539120377354592880908663722109678577104182833786002878527280855325891582004076451596232685752689251814763308929983611128925239189811482417663037376423621209177019881547974638463816746332247052492658385519801475847290523564678597346756295212914532873904449048583306339682301419555954062799697335755107888096434396925605532435189839851858147825735498511416209734388941679208547851872274200046584263766195305248236302269003172804110645914367878974262590056359703246947616208766167566452145805910027222816068817052239787900751584029675341875114350122209937979871295760087245297267540536003197052016824965349530623871723204975374830897034267771059363497898214570773749634505796706410352818587200157696007101407417318024785612299131894452405387687248962575435490643730760961605289918910576109017146128890272259983781870484371592508902837547368641162747623595865272432126546366752265994324456874501502837242962727613820595041703055541312157267013992587435055504758577668634175492839656662171654402350648251990648645625509926521814018277419819662117658545334340307123954710034780863500252826420428194455822021919197856867099152502489953665584902775623765102328314612945044577655916484538045925501841096204178383412244014870911682439527289394890657099914927667671058972808989042607899526543630167951326249057003295189773395943137017082319537503844613383745732214659598054803202755462910329172763720576126147643276611664278265577561633106334241880491533284122886765791822634819045761813162251395530488186166306471047756357670808282180419054403955798289251001196953433295295232144421705694374605033188576896574476886454853477872813631237640613377198261963176572983453162551042096629099428173725583642755153706359036475934157154379515205886243309601780642048285895840888965483655446538271243049002138944141219676153272840880348078081695817148969480914167853107975816691721988376426000452957115980309049923412055436347027203034066884183995228941173075248300291427996613365368526482222003495374108232363666247477821808435602722476621237213118099876828885855635373693792422759390425164234828283357173229072221005065922121705168796490232401660692458470281950100900685719327435153170012433972995201346566126434581302273149070028986342201861114487710549348417103739184346235392555165048290013064461335327533864647984145308308883823732602717774327883034444458905079300623812763180799084691383201815022039230341111836806863475872176035709805682719252899289317265301912544742953525773784127029213293071865942917761720474838972923886547979310347429478583668896578714742642898188860925850828321140923207528187056465869748886408386571031447164220203692085239595310643491372028380151241368133149011982463079008583128897731283948820309377850537830266231074383828312672940140139206825433352702832385697389140040889895332711974509551483179114913911115454795190313726744912043855098649319205971877422088047143888532108417243157981343929950617929317780445787466750422181005409509854164959379700202805944993739416144650660010026936875191144494310737822522375797582790176727349234762272692829698291263835161274484281192287598932373792044712792320929465300502522073967952832148430645782193520021405110659076389520433976971633196639947175396159304237121785341821005339100036295386052766709738305373780998540277436603343360084688872231368828367348540786408244015809439145442387348003917963489296866333852338698951299862529406363274814873593189284378716765060054952332074332092520237543724449253654234823589428820938958634927710215708941089893984904306354358113257932919813714198212329979925335728526082299957380579049119243864139244297134441845959189472042343343524751416153348339925265639865236571106317036869271099320355632662574831983277175560731351144762250616528979693202892943788393769578322835951610087670414439907071461943912361442493185447092725860512589820333080351744122135377855455403788899039339892956906479754637964166419489347416162114328402948486450223608657379130931758506846407522104650658390056476237286077836323071566294330471529931283925904087631767240656792541197098156462532056188589119830106100577679369057249051855746384789930587451605755344172554270166646513125275862013813923711959418486274881585605041470103115110732504633964847596793751091229244735916373698309257311689522427762345298208076469619247077342813021522164538797482680278456317613103782465326572922422211331498809597920241518800201697673948180381614775829111445189608518953392314149672645554130682273199671450829727038609356413648527716189735645230086489064328608949702101529373096514052368964353072467094812056164736620238623422268339746468744500945455978996100445874708018053398768612793298282336860181617349396927105177360288674090769708370346417005790020292661986061118851201880298498735670971983200537730108862488304361181723034367823791465818848352132219579657455052567502106739494807967004115788279848053102702816403631866480376400802495560411451499261795529656501355555111132989796852952489684935432613594891765979453796573993106001476378983366610144731569212540606653035417822895586272790020903204178173112675358743144094525905139810841367918203152766929940084531932856392445577991642151801319808769558198446571202748510030983376743052260743245531676714347030625340957164220538321944997770769139635452549944666904615225010888113866105542872822615531735580990647365899444312328859457992772129736660130368342461795891097493912021684755593741257113859627217207742278971792448493896848485008716176594307314883892176114310665348288829392964150998066034700531720068777690456099623872495222647173461523836541589343370188218867851488453993875225213698365019006757836345406648213635156905321737165865144261048158384537696519396080205064831713637410913097024096169414367906450646822112111270354194969599443418751363770070068407760854602886195738962132366688225360074385307584025213228676996287806832992159149372752407991445663823583826802885883475051025937280708662911907957049659087928044537459080317872706312122778755560249452040189400255998706930874505540704751854905099352841671698572182728459041703614929363240004197429285156088255143365013058771024285285661948430814674010473746781921548807988707770096900625478885674038508072363937674279036720985955044534452722820433633841668549169272406297457448050397409193770080259683547913865949214797203236428583207086301312483127442454200373102182167682749204251421516321558972678208797594776248314996658450631952971499704087811474835214869227682367627200401994097152801752440076285824948889824740091941541506285240988542214271657237554114564693947481066332011994360265225795855117299162432084121784218325198930055768543115049705625862022792883115729494805412902926869658020108560647329392115580345365595409090637053153926363165281687128148188164261946124786293616768201650146119339941434310251372610114722985728343289736433931096657726316917171831329952203699926542615099907903946565411788822636964634282449053174111684765736574128294437510864607806696019986592174942383526117013148665685264535814409141880604901923961764512540888855316657559812822953007410796113254100505720993528766021050276878521994992764131558569862969111888249014477547930791076379309725619178400691345265989399979803992319895790968587685449508064721627624128238233794534867932673600598092392345929833443145869483963832513414997144160473546482750411506394541446041937257045017946677524664390446694823859326561370999564509665413438574445374818657184556761411864345364860932623140726473246857301472288552526840197802977148793047699999759789262220160694925415860179404428094308814146837394777709621707891858781109027502925602734034918822489988904314630367403439063981179127460030139231152831762550542151579518311245822945239676971111384826701342125987685004262326607750093196708238695898453416801859692307871683494396153672537643918545241409460676730399875460722287899443868495631320308967165554028057450716158753314782662454202047994616694950418968679129345395713638867934815311634206497780418827224500315621770203150467779102982094771163729543427501770960213477134760821725782994264397938815634661740972816111694437274324070855129328868278937377763211718922107447022690027966497570433633090599982424543144431628475065415797810143881040505509028406200307330776533418739277068194256073480395230251200706773939946855568770022394536808892113918538310359911462687165724614308545442383065546145574197284181453793227136026860289582574809328810276202072828042758288384698482287718029138810706708672638282374345466485123236902959430887142031737367300411696525521542475933209819493043130225561766875335659899535831761034072019733904940954212511687926781774291369771720241768546835204898909310847429857076618095109854242103553197609614235055292339470730316134664207378308240480203897780872867441274436840868416551419806144442790711312327020522101649840620116589611150554905246373282509778055420213009172288991762461869949620244845131456766496986923596338303070785239032720588154723702608632417882833832608130600938620301714052348164672471311692966382760232815626539780914745826823842948183338976840259511413166200365895363813826882633846177202037316172987907947627746896644226813025185290452668769304419683831056927291250309312176746076754055741677591545338603432049622086867268238855586990936749648224621927833007638459916231154874657333014397299077086641984493173310031966531302735170043988624569109624508415378971667006016809549949900252170537376153779475699064087344169095466964542070536641860236721703913064890927948317031204302104055350600118800333612915664534798187382672340388726397450304873823193300127449541116520822510948506110773560202247073096822012676550863818585709851113924942219004791441954997866414050722187436898292435583586527077969414502928093600857858650758142691604057156398218699850967693503467815960304471713784525696454165830159280219406975585924537493076753355759745353784176344389668641718306834888997059276870621982247896158106861991996604480745522589031396370426714353123608917849502480173073413124161354729894032719041587282274538714924182523247423057595842477372882205440245163239989117450896387772456433708571854554755858987645095117202676306713108254131634002955881450323507283423305285431114905369375720342047069473229111191496302729080659074867624461452475041371503540674581931486047930163845995205353774046108295032041438156174733784729607963877417160253803161574098146518866074625954492707490235026004714985399584369861164990975665246018418688737249706823306554843921260254177785137969212809856100814467259536538810887001673537950194658772470936849816547592416580107512937718869873645930914954870708456996255252496703035818549815965228237432237816946696505048906141445980800738316625440011575693007489739276370180748647360713327003899305521383100811867463198855585896706879326868109665657046193823795816535965973276354502675593856344401215980141905368551845773112476657868829435238087060167882333161172525854152370477241217747122868461286465628663013612377322011679707722717882238427769341275748277344030898794174045637010138359215642083125572230487082285849097936505127611399623367406948172986159436772600982572249831565392476738536907106209161448447407988310264872024759588095669060900929401985186739074369733714677531329481796057762634066645187797097276161788036777767897802985973340244612054423795929538412269055247540058535878428948137888292094216692362982305478539085377638924266517609574867332869892016155480838100057070258240557630514751937232255571499107217950573050845731198100768211569456290054034789360742086093466018976081077966634435296335853614971370472910958750790242110367873191186966087071513867927190942754043457347205925373036822087353712566833617460730536436884220030649374133405486800730577785845783915822396645738519696961299698198921586593517390762930894279810210578201900174234971067670971373666040134386767509996324439287462400479311857056801216728153936044288650563119964149517215790509116732432480102962042912992233200286363974256697125017987198431325729676832998521685635753343101732309162369491935835073720994165704554226047463490766019478101035490108749040617452514806622434405871104382943593332435313705186882446553368458691589575559019964346388289904634545118147648289058199986931100359215220856808879344807312826985228756935314240759678314058824810406305155493439209540719431855838038812279152990004909871917629497267251729652998771314386785825970080639385187594433360477369288616768401465446042474129144232455201038796504484204989165385871737027038801666649144246280147258989972325982934897783002024005621768796016736679937280942349306912238826107016368681421399200845066937819133714353677925362394162665097591154537038925665577535536811205533501816508431992503448004705771968618981910409629204257191240582697453848170570378234370568853355296830930274351707399241281946424255502901163019578784702297986580076355553497818122750499572170808062025151523860801094135864510323871222500531246654240725418082801247833204137067283952558195210003368348519816612391247802970099673612770506108529416483781891400544841380416603865166622507678514652313804367876023148571393857548070959520042903000685045251076731532683010172343364264375564229954913447141361899538925394222564560322221431210248038676597138998011382892388265525403905547730522375209112422542038990993079699034769590404184496552842728628857139021310911702877194707597988971251097033384518841555487206119558716471470380688254903466714498819688974840110877150851504569485469635089827535941093360960318090679918986609350386864294678554967578466520961677749475238138676165738166577020093658410298904764629658648173004484082467234682178739448480536835630076691942235354810138537594535417988524257277496527030043740009527716346865211563041118912428836265270252929400448424324765595984636790778797124971043622879986415528749315764690728994982876858042368301129408584598373428114262313554595761028693037170992229257082998821554400455236767422063190589892491855941900568459039580152278458722134765627562539527725324822697824181480761191540103940868461600159252647095771363028919391507254330682577504467481755938727220828167884337573912987337017419091268779450449188412395880088410459116792930854279473135838946175903267047697996457865709253015721878510308825029242702161500648974339000687749322815091878488714585700960428920734576629037916038891322062908209062687008920361579476090293727052816441602569132223735558079335286508017416279771895827262331878377920848811766294951972561274246844344697344270943526160008008532033044872539072627883106824631522597926304094874734371310901502483801401410775709379557220886714531773957765875070719930915903982827059902986788753126817766142803075745925975559311543417789444237251312517740175321733401994113433626206298328555411443812747127712815413416471723741574285635455144748317697977159116561244601738499071604562705346308225259651174518577802600487397614350508449890291266000040849954685807493181404630372771298776036814292658014676697986373491305830312517253839994580691971355855067021291651835230418806951190099800279478888019097767676232217436855937072744703061165241337027810906871482564131613043457510237011793340289294683782568888045056908906777030932453600203972407657650859465613100014539325497511073698845130358254047862941079761113463203710059175400974546625373047231169760832290384218993452944362534853842488698620908255248111382815616280946588470506933930022823861236620105985680696319324221197086308902795392207487411820115412576081686057697615959303944489877845186290826396670031830934646224416469049596772907966505409279791547351834163314673131523331547419427867906132700304275868368489918476619301693822825728156506326555034156780040848544079898614197240439700026327045905405685581225325818782433873948336916983086051759582800371496504635228965744005884072985833208433940058549115452761056205796123506468406725010130368327118294973276895611536659149747267634946050585501658318699962847606377210053374577877765203663128575961333294448382208013029869131628322246493395258325894691270925979824554731414046900115161577672330682977682478630536912701424584590205171890658346898407334599076885695353382194526563109993841422251351072110254297575235933699135540212818815538095853828949068553590028245507263401147798371520309185579877857876783640011570018737894439097126082049342011602305273495839508485501884445589603492904586229235619474547098546317460729971622062121995123340991340869537301200499962092853449104975233853541626371949368626527529128092759270537157544340223179371068494708364006361310191999891307154197521934165102299750796282502693691623777374211183152569984990535493416330786795337262440901738616281387655559205711966987125025863465112604262111799640951796866802618118812185947838519992654072616301508703922825482306442869079632746395328583975466710762264969153214939313712760401340908506983133200632859915719511022078390377108912810561046619939211372210629010247839928092157911177187070960878481434357822124832282449630190327306563191959064158363103410371393429362442495665843919474175158611997314492921772303406351478033654624634531036697837262339462875819108410136513870415120794372716716650432568761651070486652456757974614672976063934839737141497401026101344066856690211863951455836439685803749253620044958384913832483804020171655240390564145689413954959611244075003931295033580841006931714440440589407575443427378828727489238328731517206233523983320699645068641086855529666596632249862622065046927960840658232490397807910601259200884751960661521393908205587862890646134250793318822732873852598599341531583348999307053526910211331126903266257233220003989258488400424908068498427650685255216441986946664091925246738601614298316800000000000000000000000000000000000000000000000000000000000000000000000000000000000000000000000000000000000000000000000000000000000000000000000000000000000000000000000000000000000000000000000000000000000000000000000000000000000000000000000000000000000000000000000000000000000000000000000000000000000000000000000000000000000000000000000000000000000000000000000000000000000000000000000000000000000000000000000000000000000000000000000000000000000000000000000000000000000000000000000000000000000000000000000000000000000000000000000000000000000000000000000000000000000000000000000000000000000000000000000000000000000000000000000000000000000000000000000000000000000000000000000000000000000000000000000000000000000000000000000000000000000000000000000000000000000000000000000000000000000000000000000000000000000000000000000000000000000000000000000000000000000000000000000000000000000000000000000000000000000000000000000000000000000000000000000000000000000000000000000000000000000000000000000000000000000000000000000000000000000000000000000000000000000000000000000000000000000000000000000000000000000000000000000000000000000000000000000000000000000000000000000000000000000000000000000000000000000000000000000000000000000000000000000000000000000000000000000000000000000000000000000000000000000000000000000000000000000000000000000000000000000000000000000000000000000000000000000000000000000000000000000000000000000000000000000000000000000000000000000000000000000000000000000000000000000000000000000000000000000000000000000000000000000000000000000000000000000000000000000000000000000000000000000000000000000000000000000000000000000000000000000000000000000000000000000000000000000000000000000000000000000000000000000000000000000000000000000000000000000000000000000000000000000000000000000000000000000000000000000000000000000000000000000000000000000000000000000000000000000000000000000000000000000000000000000000000000000000000000000000000000000000000000000000000000000000000000000000000000000000000000000000000000000000000000000000000000000000000000000000000000000000000000000000000000000000000000000000000000000000000000000000000000000000000000000000000000000000000000000000000000000000000000000000000000000000000000000000000000000000000000000000000000000000000000000000000000000000000000000000000000000000000000000000000000000000000000000000000000000000000000000000000000000000000000000000000000000000000000000000000000000000000000000000000000000000000000000000000000000000000000000000000000000000000000000000000000000000000000000000000000000000000000000000000000000000000000000000000000000000000000000000000000000000000000000000000000000000000000000000000000000000000000000000000000000000000000000000000000000000000000000000000000000000000000000000000000000000000000000000000000000000000000000000000000000000000000000000000000000000000000000000000000000000000000000000000000000000000000000000000000000000000000000000000000000000000000000000000000000000000000000000000000000000000000000000000000000000000000000000000000000000000000000000000000000000000000000000000000000000000000000000000000000000000000000000000000000000000000000000000000000000000000000000000000000000000000000000000000000000000000000000000000000000000000000000000000000000000000000000000000000000000000000000000000000000000000000000000000000000000000000000000000000000000000000000000000000000000000000000000000000000000000000000000000000000000000000000000000000000000000000000000000000000000000000000000000000000000000000000000000000000000000000000000000000000000000000000000000000000000000000000000000000000000000000000000000000000000000000000000000000000000000000000000000000000000000000000000000000000000000000000000000000000000000000000000000000000000000000000000000000000000000000000000000000000000000000000000000000000000000000000000000000000000000000000000000000000000000000000000000000000000000000000000000000000000000000000000000000000000000000000000000000000000000000000000000000000000000000000000000000000000000000000000000000000000000000000000000000000000000000000000000000000000000000000000000000000000000000000000000000000000000000000000000000000000000000000000000000000000000000000000000000000000000000000000000000000000000000000000000000000000000000000000000000000000000000000000000000000000000000000000000000000000000000000000000000000000000000000000000000000000000000000000000000000000000000000000000000000000000000000000000000000000000000000000000000000000000000000000000000000000000000000000000000000000000000000000000000000000000000000000000000000000000000000000000000000000000000000000000000000000000000000000000000000000000000000000000000000000000000000000000000000000000000000000000000000000000000000000000000000000000000000000000000000000000000000000000000000000000000000000000000000000000000000000000000000000000000000000000000000000000000000000000000000000000000000000000000000000000000000000000000000000000000000000000000000000000000000000000000000000000000000000000000000000000000000000000000000000000000000000000000000000000000000000000000000000000000000000000000000000000000000000000000000000000000000000000000000000000000000000000000000000000000000000000000000000000000000000000000000000000000000000000000000000000000000000000000000000000000000000000000000000000000000000000000000000000000000000000000000000000000000000000000000000000000000000000000000000000000000000000000000000000000000000000000000000000000000000000000000000000000000000000000000000000000000000000000000000000000000000000000000000000000000000000000000000000000000000000000000000000000000000000000000000000000000000000000000000000000000000000000000000000000000000000000000000000000000000000000000000000000000000000000000000000000000000000000000000000000000000000000000000000000000000000000000000000000000000000000000000000000000000000000000000000000000000000000000000000000000000000000000000000000000000000000000000000000000000000000000000000000000000000000000000000000000000000000000000000000000000000000000000000000000000000000000000000000000000000000000000000000000000000000000000000000000000000000000000000000000000000000000000000000000000000000000000000000000000000000000000000000000000000000000000000000000000000000000000000000000000000000000000000000000000000000000000000000000000000000000000000000000000000000000000000000000000000000000000000000000000000000000000000000000000000000000000000000000000000000000000000000000000000000000000000000000000000000000000000000000000000000000000000000000000000000000000000000000000000000000000000000000000000000000000000000000000000000000000000000000000000000000000000000000000000000000000000000000000000000000000000000000000000000000000000000000000000000000000000000000000000000000000000000000000000000000000000000000000000000000000000000000000000000000000000000000000000000000000000000000000000000000000000000000000000000000000000000000000000000000000000000000000000000000000000000000000000000000000000000000000000000000000000000000000000000000000000000000000000000000000000000000000000000000000000000000000000000000000000000000
* UtilsTest: @After method
* UtilsTest: @Before method
* UtilsTest: test method 3 - checkExpectedException()
* UtilsTest: @After method
* UtilsTest: @AfterClass method
]]></system-out>
  <system-err><![CDATA[]]></system-err>
</testsuite>
